step K U E 
0 0.000000e+00 -7.994894e-20 -7.994894e-20
1000 5.418447e-21 -1.198054e-19 -1.143869e-19
2000 3.079316e-21 -1.204768e-19 -1.173975e-19
3000 1.717187e-21 -1.134590e-19 -1.117418e-19
4000 1.273830e-20 -1.207121e-19 -1.079738e-19
5000 1.292570e-21 -1.168952e-19 -1.156026e-19
6000 3.524597e-20 -1.160091e-19 -8.076309e-20
7000 3.067808e-21 -1.109080e-19 -1.078402e-19
8000 9.502243e-21 -1.035885e-19 -9.408630e-20
9000 2.459499e-22 -1.183010e-19 -1.180551e-19
10000 4.664197e-21 -1.177285e-19 -1.130643e-19
11000 2.735052e-21 -1.097081e-19 -1.069730e-19
12000 2.251716e-20 -1.179498e-19 -9.543264e-20
13000 2.195616e-20 -1.111765e-19 -8.922029e-20
14000 2.797124e-20 -1.145178e-19 -8.654658e-20
15000 2.205940e-21 -1.001231e-19 -9.791716e-20
16000 6.741070e-21 -9.910620e-20 -9.236513e-20
17000 1.231141e-20 -1.170987e-19 -1.047873e-19
18000 1.667720e-20 -1.203539e-19 -1.036767e-19
19000 2.283604e-21 -1.212771e-19 -1.189935e-19
20000 3.770558e-21 -1.225857e-19 -1.188151e-19
21000 3.514735e-21 -1.175004e-19 -1.139856e-19
22000 9.026366e-21 -9.411713e-20 -8.509076e-20
23000 5.003939e-21 -1.050553e-19 -1.000513e-19
24000 9.072478e-21 -1.218438e-19 -1.127714e-19
25000 5.151213e-21 -1.164043e-19 -1.112531e-19
26000 4.668331e-22 -1.175170e-19 -1.170501e-19
27000 9.402477e-21 -1.057784e-19 -9.637592e-20
28000 2.332437e-21 -1.218627e-19 -1.195302e-19
29000 2.023473e-20 -1.144883e-19 -9.425354e-20
30000 1.537668e-20 -1.067703e-19 -9.139363e-20
31000 2.182135e-20 -1.128449e-19 -9.102358e-20
32000 1.979043e-20 -1.085210e-19 -8.873055e-20
33000 1.013289e-20 -1.147032e-19 -1.045703e-19
34000 4.201456e-22 -1.033624e-19 -1.029422e-19
35000 7.738649e-21 -1.204608e-19 -1.127221e-19
36000 1.433089e-20 -1.033029e-19 -8.897202e-20
37000 1.054195e-20 -9.199619e-20 -8.145423e-20
38000 2.830393e-21 -9.341605e-20 -9.058565e-20
39000 8.207527e-21 -1.202178e-19 -1.120102e-19
40000 7.253826e-22 -1.210739e-19 -1.203485e-19
41000 1.150599e-20 -1.097660e-19 -9.825997e-20
42000 4.195226e-21 -1.224469e-19 -1.182517e-19
43000 1.603252e-20 -1.125327e-19 -9.650021e-20
44000 2.958761e-21 -1.227397e-19 -1.197810e-19
45000 9.689284e-21 -9.786441e-20 -8.817512e-20
46000 1.568455e-20 -1.193959e-19 -1.037114e-19
47000 2.575220e-21 -1.199423e-19 -1.173671e-19
48000 4.652481e-21 -1.136390e-19 -1.089865e-19
49000 3.862107e-21 -1.201902e-19 -1.163281e-19
50000 6.171359e-21 -1.164212e-19 -1.102498e-19
51000 2.332627e-21 -1.071031e-19 -1.047704e-19
52000 7.426193e-21 -1.218055e-19 -1.143793e-19
53000 8.414465e-21 -1.175082e-19 -1.090937e-19
54000 1.011868e-20 -1.224213e-19 -1.123026e-19
55000 2.114443e-20 -1.119611e-19 -9.081668e-20
56000 8.757454e-21 -1.116047e-19 -1.028473e-19
57000 2.878512e-20 -7.580905e-20 -4.702394e-20
58000 2.656091e-20 -1.220474e-19 -9.548648e-20
59000 4.358761e-21 -1.204238e-19 -1.160650e-19
60000 5.247157e-21 -1.224137e-19 -1.171665e-19
61000 1.124074e-22 -1.120029e-19 -1.118905e-19
62000 9.027901e-21 -1.163360e-19 -1.073081e-19
63000 2.747724e-21 -1.208163e-19 -1.180686e-19
64000 4.391951e-20 -9.940631e-20 -5.548679e-20
65000 1.176833e-20 -1.037380e-19 -9.196970e-20
66000 1.646292e-20 -1.210966e-19 -1.046336e-19
67000 4.932807e-21 -1.218133e-19 -1.168805e-19
68000 2.462270e-20 -1.060990e-19 -8.147626e-20
69000 7.342987e-21 -1.120749e-19 -1.047319e-19
70000 2.297621e-20 -1.110426e-19 -8.806642e-20
71000 5.063516e-20 -1.155845e-19 -6.494937e-20
72000 4.170034e-20 -1.085187e-19 -6.681840e-20
73000 1.944279e-20 -1.141985e-19 -9.475575e-20
74000 1.982803e-21 -1.203961e-19 -1.184133e-19
75000 2.591047e-21 -8.151500e-20 -7.892396e-20
76000 1.215178e-20 -1.007171e-19 -8.856537e-20
77000 8.229054e-22 -1.012491e-19 -1.004262e-19
78000 5.640845e-21 -1.171380e-19 -1.114972e-19
79000 3.206025e-20 -1.123248e-19 -8.026453e-20
80000 1.145341e-20 -9.467280e-20 -8.321939e-20
81000 1.652087e-21 -1.093098e-19 -1.076578e-19
82000 8.873743e-21 -9.702496e-20 -8.815121e-20
83000 5.495435e-21 -1.176538e-19 -1.121583e-19
84000 7.074866e-21 -1.083122e-19 -1.012373e-19
85000 7.925912e-21 -9.242844e-20 -8.450252e-20
86000 4.618527e-21 -1.076531e-19 -1.030346e-19
87000 1.156889e-20 -8.055193e-20 -6.898304e-20
88000 1.988385e-20 -9.618319e-20 -7.629934e-20
89000 2.448098e-20 -1.097750e-19 -8.529401e-20
90000 1.489189e-20 -1.157799e-19 -1.008880e-19
91000 3.703967e-21 -1.072015e-19 -1.034975e-19
92000 3.188807e-21 -1.055398e-19 -1.023510e-19
93000 5.668007e-21 -1.221532e-19 -1.164852e-19
94000 2.806472e-21 -1.200983e-19 -1.172918e-19
95000 8.664015e-21 -1.012790e-19 -9.261500e-20
96000 3.778229e-20 -1.219724e-19 -8.419011e-20
97000 2.030718e-21 -1.028412e-19 -1.008105e-19
98000 1.340580e-20 -1.210998e-19 -1.076940e-19
99000 1.116104e-20 -1.027882e-19 -9.162719e-20
100000 7.990583e-21 -6.796677e-20 -5.997618e-20
101000 1.292892e-20 -5.109482e-20 -3.816590e-20
102000 4.635303e-21 -8.734309e-20 -8.270779e-20
103000 4.034531e-20 -6.394738e-20 -2.360206e-20
104000 3.292901e-21 -1.032179e-19 -9.992502e-20
105000 1.705858e-20 -1.147174e-19 -9.765886e-20
106000 4.224898e-21 -1.012148e-19 -9.698990e-20
107000 3.427744e-20 -7.783883e-20 -4.356139e-20
108000 3.141830e-21 -9.439592e-20 -9.125409e-20
109000 2.304401e-21 -1.184286e-19 -1.161242e-19
110000 1.395574e-20 -1.016203e-19 -8.766453e-20
111000 1.290657e-21 -1.045680e-19 -1.032774e-19
112000 2.711775e-21 -1.103542e-19 -1.076424e-19
113000 3.295077e-20 -1.172123e-19 -8.426149e-20
114000 2.157087e-20 -1.098482e-19 -8.827734e-20
115000 6.980211e-23 -1.066221e-19 -1.065523e-19
116000 3.348473e-21 -1.040517e-19 -1.007032e-19
117000 4.790508e-21 -1.126661e-19 -1.078755e-19
118000 2.345467e-20 -1.228000e-19 -9.934530e-20
119000 9.731589e-22 -1.030671e-19 -1.020939e-19
120000 8.078024e-21 -1.129951e-19 -1.049171e-19
121000 1.588809e-20 -1.143541e-19 -9.846605e-20
122000 8.410270e-20 -3.597413e-20 4.812857e-20
123000 2.531211e-21 -1.166340e-19 -1.141028e-19
124000 5.360734e-21 -1.173280e-19 -1.119673e-19
125000 2.345006e-20 -1.188462e-19 -9.539611e-20
126000 2.912896e-20 -8.461033e-20 -5.548137e-20
127000 5.507122e-20 -3.023614e-20 2.483509e-20
128000 8.607257e-21 -8.694450e-20 -7.833724e-20
129000 6.770374e-20 -1.174677e-19 -4.976396e-20
130000 4.542391e-21 -1.035787e-19 -9.903633e-20
131000 6.412503e-21 -1.110328e-19 -1.046203e-19
132000 5.477879e-21 -1.723434e-20 -1.175646e-20
133000 2.561368e-20 -1.149830e-19 -8.936933e-20
134000 1.677218e-21 -1.153836e-19 -1.137064e-19
135000 4.638060e-20 -1.050016e-19 -5.862103e-20
136000 6.751873e-21 -1.215885e-19 -1.148366e-19
137000 2.438645e-21 -9.214988e-20 -8.971123e-20
138000 8.363274e-20 -7.030229e-20 1.333045e-20
139000 5.695648e-21 -1.144886e-19 -1.087930e-19
140000 1.342477e-20 -1.003748e-19 -8.695007e-20
141000 5.764043e-22 -1.192444e-19 -1.186680e-19
142000 2.361572e-20 -1.147467e-19 -9.113094e-20
143000 4.766041e-21 -1.101903e-19 -1.054243e-19
144000 1.965387e-21 -7.827373e-20 -7.630835e-20
145000 3.522674e-20 -7.525039e-20 -4.002365e-20
146000 8.988611e-21 -1.152728e-19 -1.062842e-19
147000 3.824596e-21 -1.061762e-19 -1.023516e-19
148000 1.278613e-21 -1.145289e-19 -1.132503e-19
149000 4.439188e-21 -9.717435e-20 -9.273516e-20
150000 1.295027e-20 -1.001540e-19 -8.720369e-20
151000 7.584663e-23 -1.153019e-19 -1.152260e-19
152000 9.954568e-22 -1.172630e-19 -1.162676e-19
153000 1.486595e-20 -1.043936e-19 -8.952760e-20
154000 1.121367e-21 -1.199814e-19 -1.188601e-19
155000 2.027164e-20 -1.156283e-19 -9.535663e-20
156000 3.509075e-20 -7.597529e-20 -4.088453e-20
157000 1.026425e-20 -1.034909e-19 -9.322662e-20
158000 9.670366e-21 -1.048925e-19 -9.522216e-20
159000 7.968085e-21 -1.157702e-19 -1.078022e-19
160000 1.731122e-20 -1.222805e-19 -1.049693e-19
161000 1.545678e-21 -1.109819e-19 -1.094362e-19
162000 4.788170e-21 -1.144227e-19 -1.096346e-19
163000 8.019900e-21 -1.036831e-19 -9.566318e-20
164000 1.936834e-20 -1.181138e-19 -9.874545e-20
165000 3.687752e-21 -1.201092e-19 -1.164215e-19
166000 7.592606e-21 -1.177156e-19 -1.101230e-19
167000 2.730622e-21 -1.178547e-19 -1.151240e-19
168000 1.057814e-21 -1.166464e-19 -1.155886e-19
169000 2.942410e-20 -1.019833e-19 -7.255916e-20
170000 2.160329e-20 -1.099648e-19 -8.836155e-20
171000 5.763937e-21 -1.122245e-19 -1.064605e-19
172000 1.809921e-20 -1.065792e-19 -8.847998e-20
173000 1.062579e-20 -1.125500e-19 -1.019242e-19
174000 8.734485e-21 -5.679165e-20 -4.805717e-20
175000 8.135099e-21 -5.952800e-20 -5.139290e-20
176000 1.476386e-21 -8.687780e-20 -8.540141e-20
177000 3.112931e-20 -9.194539e-20 -6.081608e-20
178000 6.263094e-22 -1.080240e-19 -1.073976e-19
179000 4.542366e-21 -1.176977e-19 -1.131554e-19
180000 4.114785e-20 -4.874712e-20 -7.599272e-21
181000 4.539187e-21 -1.167101e-19 -1.121709e-19
182000 1.872239e-21 -1.099264e-19 -1.080541e-19
183000 9.056094e-21 -1.186486e-19 -1.095925e-19
184000 7.849109e-21 -1.099647e-19 -1.021156e-19
185000 3.525091e-21 -1.187325e-19 -1.152075e-19
186000 7.329342e-21 -1.198847e-19 -1.125554e-19
187000 7.269913e-21 -1.191573e-19 -1.118874e-19
188000 7.716231e-21 -1.158148e-19 -1.080985e-19
189000 1.190355e-20 -1.113524e-19 -9.944883e-20
190000 1.014897e-20 -1.166515e-19 -1.065026e-19
191000 1.767412e-20 -9.085215e-20 -7.317803e-20
192000 7.083028e-21 -1.175257e-19 -1.104427e-19
193000 9.482221e-21 -6.971252e-20 -6.023030e-20
194000 1.167593e-20 -1.067744e-19 -9.509848e-20
195000 2.520809e-21 -1.161904e-19 -1.136696e-19
196000 1.862328e-20 -1.139557e-19 -9.533240e-20
197000 2.451431e-20 -1.192533e-19 -9.473901e-20
198000 5.437571e-21 -1.214745e-19 -1.160369e-19
199000 2.445485e-21 -1.210746e-19 -1.186291e-19
200000 1.720483e-20 -9.251237e-20 -7.530754e-20
201000 5.353885e-22 -1.162472e-19 -1.157118e-19
202000 3.770957e-21 -1.137581e-19 -1.099872e-19
203000 3.477846e-21 -1.187690e-19 -1.152912e-19
204000 4.287137e-20 -6.287758e-20 -2.000621e-20
205000 1.946378e-20 -8.671616e-20 -6.725238e-20
206000 6.212655e-22 -1.149728e-19 -1.143515e-19
207000 8.306314e-21 -1.219752e-19 -1.136689e-19
208000 1.208502e-20 -8.068293e-20 -6.859791e-20
209000 7.694379e-21 -8.155262e-20 -7.385824e-20
210000 1.857950e-20 -9.015572e-20 -7.157622e-20
211000 6.072731e-20 -8.607228e-20 -2.534497e-20
212000 5.129184e-21 -9.740787e-20 -9.227869e-20
213000 1.138348e-21 -1.205079e-19 -1.193696e-19
214000 7.189549e-21 -1.059539e-19 -9.876433e-20
215000 1.527072e-20 -1.217456e-19 -1.064748e-19
216000 7.922051e-21 -9.410733e-20 -8.618528e-20
217000 4.160288e-21 -9.131022e-20 -8.714994e-20
218000 2.314124e-21 -1.202814e-19 -1.179673e-19
219000 3.103067e-20 -1.109295e-19 -7.989887e-20
220000 1.879970e-21 -5.095575e-20 -4.907578e-20
221000 3.008904e-20 -8.050457e-20 -5.041553e-20
222000 1.308794e-20 -9.674644e-20 -8.365850e-20
223000 1.034486e-20 -1.186773e-19 -1.083325e-19
224000 4.013896e-21 -1.186482e-19 -1.146343e-19
225000 7.811283e-20 -1.032038e-19 -2.509096e-20
226000 1.197970e-20 -1.187391e-19 -1.067594e-19
227000 3.673614e-21 -9.647274e-20 -9.279913e-20
228000 7.167317e-21 -1.120624e-19 -1.048951e-19
229000 1.229896e-20 -1.182447e-19 -1.059458e-19
230000 5.402450e-21 -9.107271e-20 -8.567026e-20
231000 1.377687e-19 -9.751050e-20 4.025821e-20
232000 5.025598e-21 -5.399611e-20 -4.897051e-20
233000 1.606632e-20 -7.389086e-20 -5.782454e-20
234000 1.039232e-20 -1.138672e-19 -1.034748e-19
235000 1.262948e-20 -1.129793e-19 -1.003498e-19
236000 1.155643e-20 -1.230700e-19 -1.115135e-19
237000 8.496019e-21 -7.393298e-20 -6.543696e-20
238000 5.503471e-21 -1.169244e-19 -1.114209e-19
239000 1.335854e-20 -1.192893e-19 -1.059308e-19
240000 4.639434e-21 -1.120907e-19 -1.074512e-19
241000 5.876461e-20 -8.271759e-20 -2.395298e-20
242000 1.631272e-20 -1.091084e-19 -9.279566e-20
243000 1.823484e-20 -1.151283e-19 -9.689348e-20
244000 6.194581e-21 -7.529298e-20 -6.909840e-20
245000 1.335858e-20 -1.221356e-19 -1.087770e-19
246000 1.888090e-21 -1.043181e-19 -1.024300e-19
247000 8.132676e-21 -1.015883e-19 -9.345557e-20
248000 5.025304e-21 -1.060780e-19 -1.010527e-19
249000 5.084311e-21 -1.092344e-19 -1.041501e-19
250000 2.897450e-20 -9.276330e-20 -6.378880e-20
251000 4.051600e-20 -6.073525e-20 -2.021924e-20
252000 8.415923e-21 -9.748591e-20 -8.906999e-20
253000 2.915368e-20 -7.967462e-20 -5.052094e-20
254000 4.635994e-21 -1.095253e-19 -1.048893e-19
255000 8.947011e-21 -1.166278e-19 -1.076808e-19
256000 3.310719e-22 -1.147475e-19 -1.144165e-19
257000 9.452802e-21 -1.169849e-19 -1.075321e-19
258000 1.604893e-20 -1.070189e-19 -9.096998e-20
259000 4.400961e-21 -7.866425e-20 -7.426329e-20
260000 3.844231e-21 -7.133182e-20 -6.748759e-20
261000 9.499523e-21 -1.110092e-19 -1.015097e-19
262000 6.110513e-21 -7.774962e-20 -7.163910e-20
263000 1.225084e-20 -9.193594e-20 -7.968511e-20
264000 1.044129e-21 -1.042985e-19 -1.032543e-19
265000 1.103325e-21 -1.081724e-19 -1.070691e-19
266000 1.863435e-20 -1.143865e-19 -9.575214e-20
267000 2.558562e-21 -7.586118e-20 -7.330262e-20
268000 3.671564e-21 -1.149219e-19 -1.112503e-19
269000 5.388643e-21 -1.146879e-19 -1.092992e-19
270000 5.144273e-21 -6.949977e-20 -6.435550e-20
271000 4.679895e-21 -5.179802e-20 -4.711812e-20
272000 6.705861e-21 -1.104491e-19 -1.037432e-19
273000 4.816697e-21 -5.523818e-20 -5.042148e-20
274000 2.815578e-20 -7.300523e-20 -4.484946e-20
275000 3.283438e-21 -1.078183e-19 -1.045348e-19
276000 4.659705e-20 -1.168263e-19 -7.022921e-20
277000 1.366007e-20 -9.091927e-20 -7.725920e-20
278000 4.809355e-21 -8.352597e-20 -7.871662e-20
279000 2.395624e-22 -7.576495e-20 -7.552539e-20
280000 9.628710e-21 -1.167253e-19 -1.070965e-19
281000 4.368713e-22 -8.950021e-20 -8.906334e-20
282000 1.454324e-20 -1.128860e-19 -9.834272e-20
283000 7.329789e-21 -1.064180e-19 -9.908823e-20
284000 1.528196e-21 -8.343920e-20 -8.191100e-20
285000 1.592018e-20 -1.072515e-19 -9.133129e-20
286000 2.533887e-20 -1.070397e-19 -8.170080e-20
287000 2.547857e-20 -8.258001e-20 -5.710143e-20
288000 6.683867e-21 -1.213626e-19 -1.146787e-19
289000 2.967831e-20 -1.115579e-19 -8.187961e-20
290000 2.080437e-20 -9.914448e-20 -7.834011e-20
291000 4.017402e-21 -1.184938e-19 -1.144764e-19
292000 8.567968e-21 -1.010652e-19 -9.249720e-20
293000 8.495734e-21 -1.169279e-19 -1.084321e-19
294000 3.614104e-21 -1.080023e-19 -1.043882e-19
295000 4.075934e-21 -9.499193e-20 -9.091600e-20
296000 8.986065e-21 -6.711928e-20 -5.813321e-20
297000 6.747104e-21 -1.188121e-19 -1.120649e-19
298000 3.167174e-21 -7.882264e-20 -7.565547e-20
299000 7.408772e-21 -8.880479e-20 -8.139601e-20
300000 2.829785e-20 -1.002837e-19 -7.198580e-20
301000 5.908210e-21 -1.175158e-19 -1.116076e-19
302000 6.773174e-21 -1.220443e-19 -1.152712e-19
303000 2.553207e-21 -1.203608e-19 -1.178076e-19
304000 2.058287e-20 -1.058596e-19 -8.527678e-20
305000 5.608563e-21 -6.534140e-20 -5.973284e-20
306000 4.034332e-21 -1.168854e-19 -1.128511e-19
307000 1.017727e-20 -1.109110e-19 -1.007338e-19
308000 1.705540e-20 -1.093306e-19 -9.227520e-20
309000 7.800798e-21 -1.121794e-19 -1.043786e-19
310000 1.637489e-20 -1.101498e-19 -9.377490e-20
311000 1.170167e-21 -1.182853e-19 -1.171152e-19
312000 3.790749e-21 -1.174752e-19 -1.136844e-19
313000 4.346138e-21 -1.226883e-19 -1.183421e-19
314000 3.505760e-21 -9.813575e-20 -9.462999e-20
315000 7.970921e-21 -1.225129e-19 -1.145420e-19
316000 1.391655e-20 -1.193798e-19 -1.054633e-19
317000 2.455575e-20 -1.195377e-19 -9.498192e-20
318000 2.086830e-20 -1.189648e-19 -9.809645e-20
319000 4.087138e-20 -1.226174e-19 -8.174604e-20
320000 3.292004e-21 -1.105354e-19 -1.072434e-19
321000 1.298463e-22 -1.053370e-19 -1.052072e-19
322000 6.210007e-21 -5.474403e-20 -4.853402e-20
323000 5.767283e-21 -1.066640e-19 -1.008967e-19
324000 1.411946e-20 -9.741422e-20 -8.329476e-20
325000 1.569597e-21 -7.610952e-20 -7.453992e-20
326000 9.720296e-21 -1.147972e-19 -1.050769e-19
327000 3.893068e-21 -1.153235e-19 -1.114304e-19
328000 1.108317e-20 -1.075176e-19 -9.643440e-20
329000 2.719349e-21 -1.121925e-19 -1.094731e-19
330000 1.296196e-20 -1.160844e-19 -1.031224e-19
331000 7.358835e-21 -1.132827e-19 -1.059239e-19
332000 1.329738e-21 -1.014173e-19 -1.000876e-19
333000 6.418628e-21 -1.158241e-19 -1.094055e-19
334000 2.988848e-21 -1.190410e-19 -1.160522e-19
335000 8.242396e-21 -1.137485e-19 -1.055061e-19
336000 4.766266e-21 -1.124115e-19 -1.076453e-19
337000 9.647118e-21 -6.154797e-20 -5.190085e-20
338000 5.539346e-21 -1.184803e-19 -1.129410e-19
339000 3.063593e-20 -1.172527e-19 -8.661678e-20
340000 1.341356e-20 -8.439919e-20 -7.098563e-20
341000 2.333081e-21 -1.083352e-19 -1.060021e-19
342000 6.308173e-21 -1.165581e-19 -1.102499e-19
343000 3.734478e-20 -9.042857e-20 -5.308379e-20
344000 1.089248e-20 -1.097637e-19 -9.887120e-20
345000 1.589160e-20 -1.196016e-19 -1.037100e-19
346000 6.810965e-21 -9.536355e-20 -8.855258e-20
347000 1.511040e-21 -1.162558e-19 -1.147447e-19
348000 3.245123e-21 -1.195088e-19 -1.162637e-19
349000 2.987073e-21 -8.732211e-20 -8.433503e-20
350000 4.691556e-21 -1.138985e-19 -1.092070e-19
351000 5.398181e-21 -1.188084e-19 -1.134102e-19
352000 2.335796e-21 -1.122891e-19 -1.099533e-19
353000 6.616836e-21 -7.943965e-20 -7.282281e-20
354000 6.783885e-22 -1.060316e-19 -1.053532e-19
355000 6.253453e-21 -1.133208e-19 -1.070673e-19
356000 2.020097e-20 -1.150122e-19 -9.481121e-20
357000 1.120446e-19 -1.012573e-19 1.078736e-20
358000 7.638320e-21 -1.224209e-19 -1.147826e-19
359000 9.444014e-21 -6.889582e-20 -5.945181e-20
360000 1.757128e-20 -1.052490e-19 -8.767773e-20
361000 1.925815e-21 -1.088289e-19 -1.069031e-19
362000 8.754651e-21 -1.022654e-19 -9.351080e-20
363000 5.386097e-21 -1.195698e-19 -1.141837e-19
364000 2.538922e-20 -1.099222e-19 -8.453300e-20
365000 4.512704e-21 -1.053592e-19 -1.008465e-19
366000 2.477523e-21 -1.115757e-19 -1.090982e-19
367000 2.222915e-21 -8.375859e-20 -8.153567e-20
368000 8.879364e-21 -9.331397e-20 -8.443461e-20
369000 2.070507e-20 -1.128765e-19 -9.217147e-20
370000 5.027708e-21 -8.211615e-20 -7.708845e-20
371000 1.067942e-20 -1.048429e-19 -9.416345e-20
372000 1.163522e-20 -8.842839e-20 -7.679317e-20
373000 1.595022e-21 -1.048607e-19 -1.032657e-19
374000 2.533190e-21 -1.077679e-19 -1.052347e-19
375000 1.941139e-20 -1.127276e-19 -9.331620e-20
376000 3.327264e-20 -7.553505e-20 -4.226241e-20
377000 1.657113e-20 -1.011019e-19 -8.453074e-20
378000 3.626246e-21 -6.257351e-20 -5.894726e-20
379000 7.397714e-21 -1.171266e-19 -1.097289e-19
380000 3.850977e-21 -8.460852e-20 -8.075754e-20
381000 2.592950e-21 -4.995985e-20 -4.736690e-20
382000 1.210887e-20 -1.168486e-19 -1.047398e-19
383000 1.671152e-21 -1.135701e-19 -1.118989e-19
384000 1.344165e-20 -1.164164e-19 -1.029748e-19
385000 1.258180e-20 -1.122776e-19 -9.969582e-20
386000 2.847688e-20 -6.108888e-20 -3.261201e-20
387000 3.129656e-21 -1.115642e-19 -1.084346e-19
388000 5.497931e-21 -1.105236e-19 -1.050257e-19
389000 5.729624e-21 -9.748425e-20 -9.175463e-20
390000 8.381594e-20 -1.015436e-19 -1.772762e-20
391000 2.720443e-21 -8.610124e-20 -8.338079e-20
392000 3.386564e-21 -1.142766e-19 -1.108900e-19
393000 5.913451e-20 -1.192696e-19 -6.013505e-20
394000 5.386378e-21 -1.078043e-19 -1.024179e-19
395000 2.773713e-22 -1.141101e-19 -1.138327e-19
396000 2.329608e-20 -1.050675e-19 -8.177144e-20
397000 2.456023e-20 -9.797858e-20 -7.341835e-20
398000 3.780507e-21 -1.198889e-19 -1.161084e-19
399000 5.346804e-21 -1.041941e-19 -9.884726e-20
400000 2.972040e-21 -1.215971e-19 -1.186251e-19
401000 1.972512e-20 -1.223233e-19 -1.025982e-19
402000 7.001320e-21 -8.695212e-20 -7.995080e-20
403000 5.956743e-21 -1.022353e-19 -9.627858e-20
404000 6.274815e-21 -1.185052e-19 -1.122304e-19
405000 7.711278e-21 -1.140475e-19 -1.063363e-19
406000 1.410489e-20 -1.018282e-19 -8.772335e-20
407000 5.183445e-21 -1.207332e-19 -1.155498e-19
408000 3.778313e-20 -5.797942e-20 -2.019628e-20
409000 8.315628e-21 -1.176544e-19 -1.093388e-19
410000 1.655400e-20 -7.124681e-20 -5.469281e-20
411000 1.249458e-20 -1.196477e-19 -1.071531e-19
412000 6.483662e-21 -9.987828e-20 -9.339462e-20
413000 1.420041e-20 -7.432946e-20 -6.012905e-20
414000 9.466309e-21 -9.552454e-20 -8.605823e-20
415000 1.189840e-20 -1.094557e-19 -9.755729e-20
416000 4.324198e-21 -1.121300e-19 -1.078058e-19
417000 2.305256e-20 -1.022704e-19 -7.921783e-20
418000 3.768959e-20 -1.206593e-19 -8.296973e-20
419000 1.044715e-20 -1.210525e-19 -1.106054e-19
420000 2.048242e-20 -1.084229e-19 -8.794045e-20
421000 1.834073e-20 -1.104770e-19 -9.213630e-20
422000 6.032431e-21 -8.248444e-20 -7.645201e-20
423000 3.004735e-20 -1.190484e-19 -8.900107e-20
424000 9.558498e-21 -9.957162e-20 -9.001313e-20
425000 3.715561e-21 -1.178757e-19 -1.141601e-19
426000 1.263869e-20 -1.070185e-19 -9.437979e-20
427000 4.755151e-20 -6.918822e-20 -2.163671e-20
428000 9.148680e-21 -1.086069e-19 -9.945823e-20
429000 8.893702e-21 -1.049472e-19 -9.605345e-20
430000 1.790077e-20 -1.015909e-19 -8.369012e-20
431000 2.552360e-20 -1.185761e-19 -9.305250e-20
432000 9.504382e-21 -8.714918e-20 -7.764480e-20
433000 1.166883e-20 -1.216492e-19 -1.099804e-19
434000 2.484548e-20 -1.043609e-19 -7.951545e-20
435000 1.023237e-21 -7.626376e-20 -7.524052e-20
436000 6.375411e-20 -1.068353e-19 -4.308122e-20
437000 3.227021e-21 -6.627701e-20 -6.304999e-20
438000 5.224130e-21 -1.014200e-19 -9.619590e-20
439000 2.922710e-20 -1.038089e-19 -7.458175e-20
440000 1.036334e-20 -1.102775e-19 -9.991419e-20
441000 2.011275e-20 -1.208789e-19 -1.007661e-19
442000 2.584563e-20 -1.189384e-19 -9.309273e-20
443000 8.206281e-21 -8.634560e-20 -7.813932e-20
444000 7.074081e-21 -1.104006e-19 -1.033265e-19
445000 4.426032e-20 -9.944639e-20 -5.518607e-20
446000 3.116163e-21 -1.212730e-19 -1.181569e-19
447000 7.522064e-22 -7.041335e-20 -6.966115e-20
448000 2.581662e-20 -1.103225e-19 -8.450591e-20
449000 4.088565e-21 -1.187402e-19 -1.146516e-19
450000 1.998304e-20 -1.211368e-19 -1.011538e-19
451000 1.062433e-20 -1.034576e-19 -9.283330e-20
452000 4.257120e-20 -8.631967e-20 -4.374847e-20
453000 4.361057e-21 -1.061755e-19 -1.018144e-19
454000 6.874875e-21 -1.165751e-19 -1.097002e-19
455000 4.654358e-21 -7.162222e-20 -6.696786e-20
456000 1.089426e-20 -1.066606e-19 -9.576639e-20
457000 8.029344e-21 -7.694601e-20 -6.891667e-20
458000 2.185225e-20 -1.051846e-19 -8.333231e-20
459000 6.401771e-21 -9.863472e-20 -9.223295e-20
460000 2.162879e-21 -1.010103e-19 -9.884746e-20
461000 2.279349e-21 -1.221434e-19 -1.198641e-19
462000 7.712653e-21 -1.181351e-19 -1.104225e-19
463000 1.255980e-20 -1.126601e-19 -1.001003e-19
464000 1.184606e-22 -1.084581e-19 -1.083396e-19
465000 7.768160e-21 -1.003939e-19 -9.262572e-20
466000 1.831378e-21 -1.126789e-19 -1.108475e-19
467000 4.033164e-21 -1.111933e-19 -1.071601e-19
468000 3.336936e-20 -1.148828e-19 -8.151348e-20
469000 4.069145e-21 -9.905289e-20 -9.498375e-20
470000 6.982580e-21 -1.175226e-19 -1.105400e-19
471000 3.462586e-21 -1.221796e-19 -1.187171e-19
472000 3.320801e-20 -1.009445e-19 -6.773650e-20
473000 1.479065e-21 -1.173166e-19 -1.158375e-19
474000 5.785844e-21 -1.111984e-19 -1.054126e-19
475000 5.478266e-21 -9.630954e-20 -9.083127e-20
476000 5.623137e-21 -9.175653e-20 -8.613340e-20
477000 7.860465e-21 -1.027925e-19 -9.493201e-20
478000 5.000235e-20 -8.371109e-20 -3.370874e-20
479000 2.323405e-20 -1.100936e-19 -8.685951e-20
480000 3.209943e-21 -1.078821e-19 -1.046722e-19
481000 2.133900e-21 -9.221047e-20 -9.007657e-20
482000 1.099079e-20 -1.178944e-19 -1.069036e-19
483000 6.010597e-21 -1.214215e-19 -1.154109e-19
484000 6.415069e-21 -9.340472e-20 -8.698965e-20
485000 1.344210e-21 -1.210323e-19 -1.196881e-19
486000 2.405442e-20 -1.201822e-19 -9.612781e-20
487000 6.114743e-21 -7.857366e-20 -7.245892e-20
488000 1.586322e-20 -1.029065e-19 -8.704327e-20
489000 3.556705e-21 -1.152638e-19 -1.117071e-19
490000 4.497408e-21 -1.134091e-19 -1.089117e-19
491000 2.223919e-20 -7.096592e-20 -4.872673e-20
492000 7.713396e-21 -9.528272e-20 -8.756933e-20
493000 1.690000e-20 -5.518036e-20 -3.828036e-20
494000 3.065516e-20 -6.885306e-20 -3.819790e-20
495000 2.614313e-20 -7.739766e-20 -5.125453e-20
496000 1.031446e-21 -8.504744e-20 -8.401600e-20
497000 4.758942e-20 3.328653e-20 8.087595e-20
498000 5.700618e-21 -9.425200e-20 -8.855138e-20
499000 7.981203e-21 -9.653940e-20 -8.855820e-20
500000 1.415222e-21 -1.100301e-19 -1.086149e-19
501000 6.189862e-21 -8.697596e-20 -8.078610e-20
502000 9.588186e-20 -6.237586e-20 3.350600e-20
503000 6.701347e-21 -1.103519e-19 -1.036506e-19
504000 2.849283e-20 -8.787799e-20 -5.938516e-20
505000 1.287158e-20 -8.533126e-20 -7.245968e-20
506000 1.605408e-20 -1.035986e-19 -8.754455e-20
507000 1.230294e-20 -9.624670e-20 -8.394376e-20
508000 2.136625e-20 -1.202978e-19 -9.893151e-20
509000 1.674378e-20 -9.941499e-20 -8.267120e-20
510000 2.531605e-20 -1.164909e-19 -9.117488e-20
511000 1.967093e-22 -1.018119e-19 -1.016151e-19
512000 8.678667e-21 -1.110074e-19 -1.023288e-19
513000 2.151671e-20 -1.159087e-19 -9.439203e-20
514000 8.807383e-21 -1.220309e-19 -1.132235e-19
515000 1.393997e-20 -1.185765e-19 -1.046366e-19
516000 1.930475e-20 -1.059318e-19 -8.662708e-20
517000 2.189603e-21 -6.679433e-20 -6.460473e-20
518000 8.722480e-21 -8.444133e-20 -7.571885e-20
519000 5.241862e-22 -9.624183e-20 -9.571765e-20
520000 8.409311e-21 -9.861494e-20 -9.020562e-20
521000 6.306424e-21 -1.199714e-19 -1.136650e-19
522000 8.553732e-21 -8.817852e-20 -7.962479e-20
523000 1.702977e-20 -1.140942e-19 -9.706443e-20
524000 6.385368e-21 -1.171462e-19 -1.107608e-19
525000 5.926794e-21 -1.151678e-19 -1.092410e-19
526000 9.593710e-22 -1.050752e-19 -1.041158e-19
527000 3.990932e-22 -1.005387e-19 -1.001396e-19
528000 1.505847e-20 -1.182135e-19 -1.031550e-19
529000 2.541611e-22 -1.004293e-19 -1.001752e-19
530000 2.105459e-21 -1.186011e-19 -1.164956e-19
531000 1.775046e-21 -1.146838e-19 -1.129087e-19
532000 4.699374e-20 -1.148136e-19 -6.781988e-20
533000 1.598229e-20 -1.121620e-19 -9.617974e-20
534000 4.927917e-21 -1.190932e-19 -1.141653e-19
535000 5.136957e-21 -1.062835e-19 -1.011465e-19
536000 1.974193e-20 -1.149538e-19 -9.521188e-20
537000 1.133845e-20 -1.125048e-19 -1.011664e-19
538000 3.939385e-21 -9.114137e-20 -8.720198e-20
539000 4.336359e-22 -1.172778e-19 -1.168442e-19
540000 9.327431e-21 -1.217283e-19 -1.124009e-19
541000 5.744881e-21 -1.212401e-19 -1.154953e-19
542000 2.204103e-21 -1.079890e-19 -1.057849e-19
543000 2.958406e-20 -1.191806e-19 -8.959654e-20
544000 3.662303e-21 -1.085592e-19 -1.048969e-19
545000 1.643798e-20 -1.144312e-19 -9.799327e-20
546000 1.068681e-20 -8.741866e-20 -7.673185e-20
547000 1.451913e-20 -1.213685e-19 -1.068493e-19
548000 3.347262e-20 -8.477475e-20 -5.130214e-20
549000 6.774673e-21 -3.061653e-20 -2.384185e-20
550000 2.355552e-20 -1.056792e-19 -8.212364e-20
551000 1.768250e-20 -1.100290e-19 -9.234646e-20
552000 8.584611e-21 -8.194075e-20 -7.335614e-20
553000 4.980534e-20 -6.149361e-20 -1.168827e-20
554000 3.563922e-21 -7.856409e-20 -7.500017e-20
555000 4.691318e-20 -1.025601e-19 -5.564691e-20
556000 7.583901e-21 -1.185717e-19 -1.109878e-19
557000 6.948842e-21 -1.184192e-19 -1.114703e-19
558000 1.967525e-20 -6.699991e-20 -4.732466e-20
559000 8.704199e-21 -5.268692e-20 -4.398272e-20
560000 1.043035e-21 -1.189667e-19 -1.179237e-19
561000 1.525993e-20 -9.165561e-20 -7.639568e-20
562000 3.591953e-21 -8.239167e-20 -7.879971e-20
563000 3.126432e-20 -1.232372e-19 -9.197284e-20
564000 8.312849e-21 -8.131862e-20 -7.300577e-20
565000 1.165291e-20 -1.213854e-19 -1.097325e-19
566000 7.510293e-21 -1.033188e-19 -9.580852e-20
567000 1.410354e-20 -1.007747e-19 -8.667116e-20
568000 1.564513e-21 -7.671035e-20 -7.514584e-20
569000 1.077526e-21 -1.210506e-19 -1.199731e-19
570000 2.479624e-21 -1.184186e-19 -1.159390e-19
571000 1.852675e-20 -5.549600e-20 -3.696925e-20
572000 1.250010e-20 -9.578193e-20 -8.328183e-20
573000 1.473300e-21 -1.204229e-19 -1.189496e-19
574000 1.034674e-20 -7.812804e-20 -6.778130e-20
575000 5.444307e-22 -1.169279e-19 -1.163835e-19
576000 1.092728e-20 -1.156516e-19 -1.047244e-19
577000 8.238776e-21 -9.895661e-20 -9.071783e-20
578000 1.122853e-21 -1.160877e-19 -1.149648e-19
579000 9.133175e-21 -1.097443e-19 -1.006111e-19
580000 3.281958e-20 -1.118812e-19 -7.906157e-20
581000 7.760367e-21 -1.158621e-19 -1.081018e-19
582000 1.526651e-20 -1.113270e-19 -9.606048e-20
583000 4.945324e-21 -5.828822e-20 -5.334289e-20
584000 1.888582e-20 -1.041874e-19 -8.530153e-20
585000 1.701359e-21 -1.089269e-19 -1.072255e-19
586000 7.454933e-21 -1.217862e-19 -1.143313e-19
587000 8.107245e-21 -1.100939e-19 -1.019867e-19
588000 5.417276e-21 -1.073777e-19 -1.019605e-19
589000 7.502493e-20 -3.020453e-20 4.482040e-20
590000 2.258576e-22 -1.173317e-19 -1.171059e-19
591000 2.665980e-20 -7.800232e-20 -5.134252e-20
592000 1.758979e-20 -9.002117e-20 -7.243138e-20
593000 3.625788e-20 -1.198616e-19 -8.360375e-20
594000 3.996373e-20 -1.032242e-19 -6.326045e-20
595000 3.900617e-21 -1.123412e-19 -1.084406e-19
596000 3.821956e-21 -4.966237e-20 -4.584041e-20
597000 1.317307e-20 -1.011881e-19 -8.801506e-20
598000 2.296516e-20 -4.904483e-20 -2.607968e-20
599000 1.654580e-20 -1.084336e-19 -9.188775e-20
600000 1.539391e-21 -1.213354e-19 -1.197960e-19
601000 1.177239e-21 -9.187234e-20 -9.069511e-20
602000 8.910769e-21 -1.018722e-19 -9.296141e-20
603000 5.646643e-21 -1.025844e-19 -9.693775e-20
604000 3.306750e-21 -1.065334e-19 -1.032267e-19
605000 1.236629e-20 -8.454010e-20 -7.217381e-20
606000 2.619134e-21 -1.061363e-19 -1.035171e-19
607000 9.331319e-21 -1.224034e-19 -1.130721e-19
608000 6.645740e-21 -1.146791e-19 -1.080333e-19
609000 4.608765e-20 -8.184283e-20 -3.575518e-20
610000 9.871197e-21 -9.044166e-20 -8.057047e-20
611000 6.427529e-21 -1.173386e-19 -1.109111e-19
612000 5.692689e-21 -8.987137e-20 -8.417868e-20
613000 2.313597e-20 -1.092906e-19 -8.615462e-20
614000 1.780868e-20 -1.102174e-19 -9.240871e-20
615000 4.149130e-20 -1.162942e-19 -7.480287e-20
616000 3.754440e-20 -1.036813e-19 -6.613687e-20
617000 2.525554e-20 -1.196133e-19 -9.435781e-20
618000 4.155679e-20 -8.525067e-20 -4.369387e-20
619000 8.579164e-21 -1.187853e-19 -1.102061e-19
620000 3.524601e-20 -6.115305e-20 -2.590705e-20
621000 2.232372e-21 -1.170400e-19 -1.148077e-19
622000 1.790471e-21 -1.090941e-19 -1.073036e-19
623000 2.298589e-21 -1.151087e-19 -1.128101e-19
624000 1.038619e-20 -1.100865e-19 -9.970033e-20
625000 2.261754e-21 -1.201284e-19 -1.178667e-19
626000 3.158925e-21 -1.212381e-19 -1.180792e-19
627000 2.657461e-20 -1.197770e-19 -9.320236e-20
628000 3.703327e-20 -1.091931e-19 -7.215980e-20
629000 3.734765e-20 -6.982216e-20 -3.247450e-20
630000 4.143120e-21 -1.056243e-19 -1.014812e-19
631000 4.702453e-21 -1.211566e-19 -1.164541e-19
632000 5.628486e-21 -1.107749e-19 -1.051464e-19
633000 5.309180e-20 -6.324737e-20 -1.015557e-20
634000 3.524345e-20 -1.118720e-19 -7.662851e-20
635000 3.538774e-21 -9.239101e-20 -8.885224e-20
636000 1.663032e-21 -2.227013e-20 -2.060710e-20
637000 2.124728e-20 -1.169066e-19 -9.565936e-20
638000 6.530722e-22 -1.084492e-19 -1.077961e-19
639000 3.742595e-21 -9.011357e-20 -8.637098e-20
640000 2.521028e-20 -1.173079e-19 -9.209757e-20
641000 5.942204e-21 -1.220634e-19 -1.161212e-19
642000 3.483861e-21 -1.180832e-19 -1.145993e-19
643000 6.692062e-21 -1.105101e-19 -1.038180e-19
644000 4.155699e-20 -1.111542e-19 -6.959720e-20
645000 2.788651e-21 -1.220818e-19 -1.192931e-19
646000 9.876031e-21 -6.537681e-20 -5.550078e-20
647000 1.058166e-20 -9.630788e-20 -8.572622e-20
648000 6.538896e-21 -1.163489e-19 -1.098100e-19
649000 8.871388e-20 -9.582913e-20 -7.115255e-21
650000 1.629448e-20 -1.190263e-19 -1.027318e-19
651000 1.839418e-20 -1.063836e-19 -8.798945e-20
652000 6.249997e-21 -8.671100e-20 -8.046100e-20
653000 6.060930e-20 -1.135178e-19 -5.290846e-20
654000 1.668902e-21 -9.644829e-20 -9.477939e-20
655000 2.793395e-21 -7.749702e-20 -7.470363e-20
656000 1.220000e-20 -1.135131e-19 -1.013131e-19
657000 2.763011e-21 -9.588543e-20 -9.312242e-20
658000 1.854799e-21 -1.199365e-19 -1.180818e-19
659000 5.808553e-21 -8.189394e-20 -7.608539e-20
660000 6.119011e-21 -2.623281e-20 -2.011380e-20
661000 1.516485e-20 -1.177593e-19 -1.025945e-19
662000 1.854447e-20 -8.391155e-20 -6.536708e-20
663000 1.113318e-20 -7.155977e-20 -6.042659e-20
664000 2.711684e-21 -1.023240e-19 -9.961235e-20
665000 6.697700e-21 -1.222339e-19 -1.155362e-19
666000 1.991460e-22 -8.428670e-20 -8.408755e-20
667000 1.976455e-20 -7.755401e-20 -5.778946e-20
668000 1.321208e-20 -7.469565e-20 -6.148357e-20
669000 1.066755e-20 -1.120655e-19 -1.013980e-19
670000 1.219718e-20 -1.215602e-19 -1.093630e-19
671000 5.865008e-21 -1.156561e-19 -1.097911e-19
672000 2.713648e-20 -7.736163e-20 -5.022515e-20
673000 5.618714e-20 -3.788770e-20 1.829944e-20
674000 1.829075e-21 -1.171774e-19 -1.153483e-19
675000 2.489809e-20 -1.140770e-19 -8.917888e-20
676000 1.227340e-20 -1.042608e-19 -9.198736e-20
677000 8.400174e-21 -1.200732e-19 -1.116730e-19
678000 2.019313e-20 -1.136019e-19 -9.340879e-20
679000 3.252892e-20 -1.218992e-19 -8.937031e-20
680000 5.388278e-20 -5.475044e-20 -8.676685e-22
681000 2.506802e-21 -1.155270e-19 -1.130202e-19
682000 2.272762e-20 -1.146092e-19 -9.188153e-20
683000 1.537454e-20 -1.108520e-19 -9.547749e-20
684000 5.111223e-21 -1.188909e-19 -1.137797e-19
685000 2.122597e-21 -1.088160e-19 -1.066934e-19
686000 2.767806e-21 -9.644542e-20 -9.367761e-20
687000 1.836889e-23 -1.077197e-19 -1.077014e-19
688000 3.441265e-20 -1.202056e-19 -8.579297e-20
689000 6.548276e-21 -1.047275e-19 -9.817927e-20
690000 1.664283e-21 -1.147076e-19 -1.130433e-19
691000 2.107088e-20 -1.186668e-19 -9.759594e-20
692000 2.868710e-21 -1.068211e-19 -1.039524e-19
693000 1.124769e-20 -1.187948e-19 -1.075471e-19
694000 2.183491e-20 -9.512114e-20 -7.328622e-20
695000 5.896429e-21 -1.010256e-19 -9.512919e-20
696000 5.552469e-21 -1.672460e-20 -1.117213e-20
697000 8.344662e-21 -1.085940e-19 -1.002494e-19
698000 6.304205e-21 -1.044449e-19 -9.814065e-20
699000 2.729692e-20 -9.441885e-20 -6.712193e-20
700000 9.348839e-22 -1.178888e-19 -1.169539e-19
701000 1.324748e-20 -1.186534e-19 -1.054059e-19
702000 5.620044e-20 -1.106319e-19 -5.443149e-20
703000 9.949262e-22 -1.179988e-19 -1.170039e-19
704000 8.554114e-21 -1.024030e-19 -9.384892e-20
705000 1.215400e-21 -8.556973e-20 -8.435433e-20
706000 8.453344e-21 -1.155495e-19 -1.070961e-19
707000 9.775506e-21 -1.179108e-19 -1.081353e-19
708000 1.597607e-20 -8.847730e-20 -7.250123e-20
709000 2.846126e-21 -1.058184e-19 -1.029723e-19
710000 8.407081e-21 -1.033176e-19 -9.491057e-20
711000 5.925227e-21 -6.257943e-20 -5.665420e-20
712000 2.040455e-21 -1.172309e-19 -1.151904e-19
713000 5.138793e-20 -9.318641e-20 -4.179848e-20
714000 1.934260e-21 -1.032056e-19 -1.012713e-19
715000 3.460196e-21 -1.093393e-19 -1.058791e-19
716000 9.843289e-21 -1.104765e-19 -1.006332e-19
717000 4.853999e-20 -8.842283e-20 -3.988285e-20
718000 1.221344e-20 -7.058272e-20 -5.836928e-20
719000 4.482568e-20 -7.955901e-20 -3.473333e-20
720000 1.983748e-21 -1.191147e-19 -1.171309e-19
721000 1.497876e-21 -1.132202e-19 -1.117223e-19
722000 2.891668e-21 -5.722663e-20 -5.433496e-20
723000 2.943671e-21 -1.091840e-19 -1.062403e-19
724000 2.569548e-21 -1.115167e-19 -1.089471e-19
725000 3.357636e-20 -1.089932e-19 -7.541681e-20
726000 2.205071e-20 -3.626563e-20 -1.421492e-20
727000 1.139200e-20 -6.516135e-20 -5.376935e-20
728000 4.660153e-22 -1.007612e-19 -1.002952e-19
729000 6.882504e-21 -9.869325e-20 -9.181075e-20
730000 7.798952e-21 -6.878911e-20 -6.099016e-20
731000 1.288958e-20 -1.006859e-19 -8.779628e-20
732000 1.327007e-20 -1.071520e-19 -9.388192e-20
733000 7.386839e-21 -8.963182e-20 -8.224498e-20
734000 1.127799e-20 -1.097124e-19 -9.843443e-20
735000 7.568966e-21 -1.054802e-19 -9.791120e-20
736000 6.541572e-21 -1.162073e-19 -1.096657e-19
737000 2.479035e-20 -1.205819e-19 -9.579155e-20
738000 3.658934e-21 -4.497229e-20 -4.131335e-20
739000 1.267031e-20 -1.114365e-19 -9.876619e-20
740000 2.618396e-21 -7.434769e-20 -7.172930e-20
741000 2.347617e-20 -6.824128e-20 -4.476511e-20
742000 2.561171e-21 -8.383148e-20 -8.127031e-20
743000 3.971943e-20 -6.153498e-20 -2.181555e-20
744000 1.222676e-20 -9.442886e-20 -8.220210e-20
745000 6.603318e-21 -1.086816e-19 -1.020782e-19
746000 1.466213e-20 -9.283270e-20 -7.817057e-20
747000 2.515387e-20 -6.986500e-20 -4.471113e-20
748000 1.509455e-20 -9.109199e-20 -7.599744e-20
749000 2.343655e-21 -1.024378e-19 -1.000942e-19
750000 2.560878e-20 -1.205417e-19 -9.493290e-20
751000 1.370358e-20 -7.360188e-20 -5.989830e-20
752000 4.335697e-21 -1.103842e-19 -1.060485e-19
753000 1.987998e-20 -1.212966e-19 -1.014166e-19
754000 2.442290e-20 -5.516117e-20 -3.073826e-20
755000 5.075274e-20 -1.032946e-19 -5.254189e-20
756000 1.853890e-20 -9.824106e-20 -7.970215e-20
757000 3.297241e-21 -1.226009e-19 -1.193037e-19
758000 1.921439e-20 -1.062619e-19 -8.704748e-20
759000 6.260599e-21 -1.170567e-19 -1.107961e-19
760000 8.763564e-21 -1.068391e-19 -9.807558e-20
761000 7.947646e-21 -8.246258e-20 -7.451493e-20
762000 5.388299e-21 -1.145516e-19 -1.091633e-19
763000 1.601191e-20 -9.886002e-20 -8.284812e-20
764000 2.338684e-21 -1.156252e-19 -1.132865e-19
765000 9.428876e-22 -1.065180e-19 -1.055751e-19
766000 1.348538e-21 -9.611606e-20 -9.476752e-20
767000 8.600497e-21 -9.848713e-20 -8.988664e-20
768000 6.949580e-21 -1.051647e-19 -9.821508e-20
769000 1.271307e-20 -1.001586e-19 -8.744555e-20
770000 2.492664e-21 -1.100304e-19 -1.075378e-19
771000 5.131626e-21 -1.178592e-19 -1.127276e-19
772000 8.253905e-21 -1.221898e-19 -1.139359e-19
773000 2.133582e-20 -8.098079e-20 -5.964497e-20
774000 3.642261e-21 -7.908787e-20 -7.544561e-20
775000 2.150659e-20 -1.059113e-19 -8.440468e-20
776000 3.347692e-20 -6.127943e-20 -2.780251e-20
777000 2.964139e-21 -1.212510e-19 -1.182869e-19
778000 1.210303e-21 -7.233871e-20 -7.112840e-20
779000 1.331833e-20 -7.577004e-20 -6.245171e-20
780000 1.509294e-20 -9.811501e-20 -8.302206e-20
781000 1.035233e-20 -1.032181e-19 -9.286576e-20
782000 1.032393e-20 -9.496269e-20 -8.463876e-20
783000 1.743349e-20 -1.125717e-19 -9.513823e-20
784000 1.251794e-20 -4.189631e-20 -2.937837e-20
785000 1.734215e-21 -1.215675e-19 -1.198333e-19
786000 1.326348e-20 -7.942664e-20 -6.616316e-20
787000 3.907516e-21 -1.116539e-19 -1.077464e-19
788000 2.649742e-20 -6.789872e-20 -4.140131e-20
789000 1.127738e-20 -9.301340e-20 -8.173603e-20
790000 2.724597e-22 -1.012014e-19 -1.009290e-19
791000 4.586052e-20 -1.106120e-19 -6.475149e-20
792000 9.999293e-20 -1.048171e-19 -4.824133e-21
793000 1.019061e-20 -8.697258e-20 -7.678196e-20
794000 2.288664e-21 -1.209131e-19 -1.186244e-19
795000 3.507116e-21 -1.098932e-19 -1.063861e-19
796000 8.118523e-21 -5.774990e-20 -4.963138e-20
797000 8.238477e-21 -8.146914e-20 -7.323067e-20
798000 2.500495e-20 -6.351634e-20 -3.851139e-20
799000 1.213414e-20 -7.725538e-20 -6.512123e-20
800000 5.047679e-20 -7.824674e-20 -2.776995e-20
801000 3.410774e-21 -1.059964e-19 -1.025856e-19
802000 1.441735e-20 -1.094744e-19 -9.505708e-20
803000 2.067732e-20 -1.098187e-19 -8.914134e-20
804000 1.284772e-20 -1.055581e-19 -9.271040e-20
805000 6.567313e-22 -1.115533e-19 -1.108966e-19
806000 9.307768e-21 -8.411247e-20 -7.480470e-20
807000 6.391793e-21 -1.226081e-19 -1.162163e-19
808000 3.162806e-22 -1.201792e-19 -1.198629e-19
809000 6.449584e-20 -9.476273e-20 -3.026689e-20
810000 2.568670e-20 -1.098579e-19 -8.417117e-20
811000 1.300278e-20 -1.032669e-19 -9.026411e-20
812000 9.449999e-21 -9.107091e-20 -8.162091e-20
813000 3.268956e-21 -1.133366e-19 -1.100676e-19
814000 4.601815e-21 -1.220936e-19 -1.174918e-19
815000 1.223911e-20 -1.205754e-19 -1.083363e-19
816000 1.483950e-20 -1.096318e-19 -9.479231e-20
817000 1.015676e-20 -8.701253e-20 -7.685577e-20
818000 2.216329e-20 -5.187360e-20 -2.971031e-20
819000 3.225007e-21 -1.211697e-19 -1.179447e-19
820000 8.353781e-21 -9.127042e-20 -8.291664e-20
821000 4.440728e-21 -8.415461e-20 -7.971389e-20
822000 5.564201e-21 -7.951928e-20 -7.395508e-20
823000 2.237725e-20 -1.080209e-19 -8.564361e-20
824000 5.718268e-21 -8.460098e-20 -7.888272e-20
825000 7.926602e-21 -1.175699e-19 -1.096433e-19
826000 2.650687e-21 -7.847928e-20 -7.582859e-20
827000 9.003834e-21 -9.553993e-20 -8.653610e-20
828000 5.197066e-21 -1.183357e-19 -1.131386e-19
829000 2.463209e-20 -9.443371e-20 -6.980161e-20
830000 3.843076e-20 -7.111566e-20 -3.268489e-20
831000 2.594189e-20 -1.169205e-19 -9.097856e-20
832000 2.887519e-20 -9.279954e-20 -6.392435e-20
833000 1.477114e-20 -1.118461e-19 -9.707500e-20
834000 3.196526e-21 -1.163375e-19 -1.131410e-19
835000 7.507416e-21 -9.441804e-20 -8.691063e-20
836000 8.428467e-21 -8.160561e-20 -7.317714e-20
837000 1.757667e-20 -1.222054e-19 -1.046288e-19
838000 2.429872e-20 -1.165754e-19 -9.227667e-20
839000 6.185858e-21 -1.005360e-19 -9.435014e-20
840000 2.387006e-20 -8.001877e-20 -5.614871e-20
841000 3.963356e-21 -1.085854e-19 -1.046221e-19
842000 7.220789e-21 -7.543290e-20 -6.821211e-20
843000 1.699818e-20 -8.759664e-20 -7.059846e-20
844000 3.676660e-21 -8.845187e-20 -8.477521e-20
845000 4.097681e-21 -1.108906e-19 -1.067929e-19
846000 1.501017e-20 -7.586250e-20 -6.085233e-20
847000 1.997049e-20 -9.730877e-20 -7.733828e-20
848000 1.732126e-20 -9.716440e-20 -7.984314e-20
849000 4.953771e-21 -1.018299e-19 -9.687609e-20
850000 1.434921e-20 -6.785453e-20 -5.350532e-20
851000 2.184104e-21 -1.210964e-19 -1.189123e-19
852000 2.854840e-20 -6.171227e-20 -3.316386e-20
853000 1.525394e-20 -1.081753e-19 -9.292138e-20
854000 1.490483e-20 -7.094651e-20 -5.604168e-20
855000 1.464768e-20 -1.193008e-19 -1.046532e-19
856000 2.921479e-20 -1.084031e-19 -7.918831e-20
857000 7.042739e-21 -8.750417e-20 -8.046143e-20
858000 1.243108e-20 -9.490787e-20 -8.247678e-20
859000 1.643586e-20 -1.019916e-19 -8.555576e-20
860000 1.594315e-20 -1.167078e-19 -1.007647e-19
861000 1.057872e-20 -1.217839e-19 -1.112052e-19
862000 1.580537e-20 -7.483155e-20 -5.902618e-20
863000 7.601993e-22 -7.792546e-20 -7.716526e-20
864000 2.806197e-21 -9.837802e-20 -9.557182e-20
865000 8.621593e-21 -9.318710e-20 -8.456550e-20
866000 1.354327e-20 -3.207902e-20 -1.853574e-20
867000 9.597823e-21 -1.143092e-19 -1.047114e-19
868000 9.106363e-21 -1.095600e-19 -1.004536e-19
869000 1.298737e-20 -1.013793e-19 -8.839197e-20
870000 8.810503e-21 -1.087397e-19 -9.992923e-20
871000 1.688929e-20 -1.211523e-19 -1.042630e-19
872000 2.269328e-20 -1.121453e-19 -8.945200e-20
873000 2.076546e-21 -1.153209e-19 -1.132443e-19
874000 6.487324e-21 -1.218330e-19 -1.153457e-19
875000 7.111812e-21 -9.270601e-20 -8.559420e-20
876000 1.768123e-20 -9.153084e-20 -7.384961e-20
877000 3.004112e-20 9.095370e-22 3.095066e-20
878000 2.434127e-20 -7.922932e-20 -5.488805e-20
879000 7.904835e-21 -1.223786e-19 -1.144737e-19
880000 9.008362e-21 -7.176229e-20 -6.275393e-20
881000 8.580432e-21 -9.425395e-20 -8.567352e-20
882000 1.564803e-20 -1.228432e-19 -1.071952e-19
883000 9.156292e-21 -1.116884e-19 -1.025321e-19
884000 4.827304e-21 -1.211769e-19 -1.163496e-19
885000 1.056251e-20 -2.354749e-20 -1.298498e-20
886000 1.458909e-20 -1.186578e-19 -1.040687e-19
887000 1.555251e-20 -7.353338e-20 -5.798087e-20
888000 1.627020e-20 -7.854836e-20 -6.227816e-20
889000 2.418507e-21 -1.139437e-19 -1.115252e-19
890000 1.238674e-20 -1.053419e-19 -9.295512e-20
891000 2.583208e-21 -8.058070e-20 -7.799749e-20
892000 1.821204e-20 -1.178528e-19 -9.964072e-20
893000 2.392041e-20 -1.183122e-19 -9.439175e-20
894000 6.119598e-21 -1.021998e-19 -9.608021e-20
895000 6.403152e-21 -1.148369e-19 -1.084338e-19
896000 1.637977e-20 -1.112791e-19 -9.489934e-20
897000 6.845849e-21 -1.154916e-19 -1.086458e-19
898000 3.703659e-20 -4.459228e-20 -7.555683e-21
899000 1.106900e-20 -1.196874e-19 -1.086184e-19
900000 1.103474e-20 -6.906347e-20 -5.802874e-20
901000 5.329689e-21 -1.122940e-19 -1.069643e-19
902000 9.368368e-21 -1.156674e-19 -1.062990e-19
903000 2.183731e-20 -5.948956e-20 -3.765225e-20
904000 2.736470e-21 -8.483438e-20 -8.209791e-20
905000 2.682511e-21 -9.701602e-20 -9.433351e-20
906000 1.554970e-20 -8.855728e-20 -7.300758e-20
907000 5.149354e-21 -1.102712e-19 -1.051218e-19
908000 6.982209e-21 -1.217611e-19 -1.147789e-19
909000 9.631060e-21 -9.402380e-20 -8.439274e-20
910000 1.896016e-20 -4.434324e-20 -2.538309e-20
911000 5.545061e-21 -1.171890e-19 -1.116439e-19
912000 4.495963e-20 -9.211439e-20 -4.715476e-20
913000 2.531882e-21 -7.169052e-20 -6.915863e-20
914000 5.210666e-21 -1.211973e-19 -1.159866e-19
915000 1.152737e-20 -1.111882e-19 -9.966079e-20
916000 1.193886e-21 -1.063519e-19 -1.051580e-19
917000 4.510156e-21 -1.214064e-19 -1.168962e-19
918000 7.693464e-21 -7.651181e-20 -6.881834e-20
919000 4.065362e-21 -1.144500e-19 -1.103847e-19
920000 1.230339e-20 -6.943504e-20 -5.713165e-20
921000 2.100642e-20 -6.162754e-20 -4.062112e-20
922000 6.540053e-21 -8.378618e-20 -7.724613e-20
923000 2.122702e-21 -1.186923e-19 -1.165696e-19
924000 1.741975e-20 -1.056021e-19 -8.818231e-20
925000 3.167201e-20 -9.830876e-20 -6.663675e-20
926000 5.264908e-21 -1.165377e-19 -1.112728e-19
927000 6.932557e-21 -9.152516e-20 -8.459260e-20
928000 1.994082e-21 -7.804798e-20 -7.605390e-20
929000 1.273629e-21 -1.020440e-19 -1.007703e-19
930000 1.250861e-20 -9.716118e-20 -8.465257e-20
931000 1.347769e-20 -1.203272e-19 -1.068495e-19
932000 6.455260e-21 -1.176408e-19 -1.111856e-19
933000 4.955252e-21 -1.210012e-19 -1.160460e-19
934000 3.367026e-20 -9.545062e-20 -6.178036e-20
935000 1.683862e-20 -1.103538e-19 -9.351522e-20
936000 2.946604e-21 -9.164732e-20 -8.870071e-20
937000 1.420158e-20 -9.651756e-20 -8.231598e-20
938000 1.532435e-20 -6.857290e-20 -5.324855e-20
939000 1.586300e-21 -1.065721e-19 -1.049858e-19
940000 2.346172e-21 -7.204215e-20 -6.969598e-20
941000 2.923304e-23 -1.199201e-19 -1.198908e-19
942000 6.383226e-21 -6.720600e-20 -6.082277e-20
943000 9.548716e-21 -9.036521e-20 -8.081649e-20
944000 4.285138e-21 -7.888751e-20 -7.460237e-20
945000 8.431811e-21 -7.976622e-20 -7.133441e-20
946000 1.562672e-20 -6.008164e-20 -4.445491e-20
947000 5.782381e-21 -1.162706e-19 -1.104882e-19
948000 7.025541e-21 -1.003024e-19 -9.327683e-20
949000 9.694152e-21 -1.197283e-19 -1.100342e-19
950000 8.879446e-21 -1.167362e-19 -1.078568e-19
951000 3.956295e-21 -1.199097e-19 -1.159534e-19
952000 5.704989e-21 -8.670516e-20 -8.100017e-20
953000 4.746567e-21 -1.157054e-19 -1.109588e-19
954000 2.411866e-21 -9.527643e-20 -9.286456e-20
955000 7.578887e-21 -1.036512e-19 -9.607227e-20
956000 5.628609e-20 -3.739878e-20 1.888731e-20
957000 1.799709e-21 -7.471958e-20 -7.291987e-20
958000 1.784149e-20 -1.009547e-19 -8.311324e-20
959000 8.746039e-21 -1.152862e-19 -1.065402e-19
960000 1.504081e-20 -6.605739e-20 -5.101657e-20
961000 5.804350e-21 -1.108935e-19 -1.050891e-19
962000 5.083997e-21 -1.090977e-19 -1.040138e-19
963000 1.591732e-20 -1.176090e-19 -1.016917e-19
964000 4.667600e-21 -1.086953e-19 -1.040277e-19
965000 8.261541e-21 -1.120125e-19 -1.037509e-19
966000 9.216963e-21 -9.490732e-20 -8.569035e-20
967000 2.419996e-20 -1.086998e-19 -8.449987e-20
968000 5.103354e-21 -7.345962e-20 -6.835627e-20
969000 1.090722e-20 -9.682407e-20 -8.591685e-20
970000 6.790757e-21 -6.226399e-20 -5.547323e-20
971000 1.273374e-20 -1.156030e-19 -1.028692e-19
972000 1.283350e-20 -8.324290e-20 -7.040940e-20
973000 1.484833e-20 -6.923802e-20 -5.438969e-20
974000 2.165013e-21 -9.240816e-20 -9.024315e-20
975000 3.183845e-20 -5.143222e-20 -1.959377e-20
976000 6.158702e-21 -8.516746e-20 -7.900876e-20
977000 1.732686e-20 -1.184569e-19 -1.011300e-19
978000 1.026046e-20 -9.058134e-20 -8.032088e-20
979000 8.573231e-21 -1.208242e-19 -1.122510e-19
980000 1.883100e-20 -1.051381e-19 -8.630711e-20
981000 1.210510e-20 -9.751493e-20 -8.540984e-20
982000 2.951987e-21 -9.756216e-20 -9.461017e-20
983000 2.247786e-20 -1.024762e-19 -7.999837e-20
984000 1.001844e-21 -1.215665e-19 -1.205647e-19
985000 3.344127e-21 -1.025473e-19 -9.920321e-20
986000 1.644654e-20 -8.910993e-20 -7.266339e-20
987000 4.118260e-20 -5.420966e-20 -1.302707e-20
988000 1.611122e-20 -1.120500e-19 -9.593883e-20
989000 3.135897e-20 -1.108460e-19 -7.948702e-20
990000 1.082735e-20 -7.980995e-20 -6.898260e-20
991000 6.010974e-21 -9.648715e-20 -9.047618e-20
992000 5.689222e-20 -6.594747e-20 -9.055245e-21
993000 5.173747e-21 -8.674572e-20 -8.157197e-20
994000 7.728781e-21 -9.957254e-20 -9.184376e-20
995000 1.792792e-21 -1.100175e-19 -1.082247e-19
996000 5.424459e-21 -1.203864e-19 -1.149619e-19
997000 8.519608e-21 -1.172044e-19 -1.086848e-19
998000 6.516753e-21 -1.167144e-19 -1.101977e-19
999000 8.670337e-21 -1.128295e-19 -1.041591e-19
1000000 3.127439e-20 -9.369195e-20 -6.241755e-20
1001000 1.390213e-20 2.705421e-20 4.095634e-20
1002000 2.447867e-20 -1.112114e-19 -8.673273e-20
1003000 1.130194e-20 -9.864994e-20 -8.734800e-20
1004000 1.029602e-20 -3.849315e-20 -2.819713e-20
1005000 1.504585e-20 -1.175480e-19 -1.025022e-19
1006000 5.483025e-21 -1.460954e-20 -9.126514e-21
1007000 1.296303e-20 -6.469907e-20 -5.173604e-20
1008000 1.937438e-20 -1.034038e-19 -8.402938e-20
1009000 3.353150e-21 -1.022840e-19 -9.893089e-20
1010000 2.393647e-20 -1.030925e-19 -7.915601e-20
1011000 1.005160e-20 -6.047623e-20 -5.042463e-20
1012000 7.985525e-21 -1.121280e-19 -1.041425e-19
1013000 2.639805e-20 -5.301641e-20 -2.661837e-20
1014000 1.195096e-21 -9.374596e-20 -9.255087e-20
1015000 2.351409e-20 -1.078520e-19 -8.433790e-20
1016000 9.478289e-21 -1.130277e-19 -1.035494e-19
1017000 3.082847e-20 -7.307197e-20 -4.224350e-20
1018000 3.282814e-21 -9.983403e-20 -9.655122e-20
1019000 6.088640e-21 -7.948402e-20 -7.339538e-20
1020000 6.973106e-21 -8.947184e-20 -8.249873e-20
1021000 1.609043e-20 -9.869195e-20 -8.260152e-20
1022000 2.815360e-21 -1.127702e-19 -1.099549e-19
1023000 4.513653e-20 -1.224116e-19 -7.727504e-20
1024000 5.218764e-21 -1.209394e-19 -1.157207e-19
1025000 5.796368e-21 -1.157817e-19 -1.099853e-19
1026000 7.646546e-21 -1.041770e-19 -9.653043e-20
1027000 8.047323e-21 -1.169611e-19 -1.089138e-19
1028000 1.763161e-20 -9.658520e-20 -7.895359e-20
1029000 2.632122e-20 -5.661963e-20 -3.029841e-20
1030000 1.232481e-21 -8.175892e-20 -8.052644e-20
1031000 2.463663e-20 -1.219645e-19 -9.732785e-20
1032000 1.295506e-20 -8.706055e-20 -7.410549e-20
1033000 1.056583e-20 -1.159688e-19 -1.054029e-19
1034000 8.444331e-21 -7.838982e-20 -6.994549e-20
1035000 5.114115e-22 -1.199539e-19 -1.194425e-19
1036000 4.604211e-21 -3.820764e-20 -3.360343e-20
1037000 1.557508e-20 -9.924523e-20 -8.367015e-20
1038000 3.955849e-21 -9.019729e-20 -8.624144e-20
1039000 1.240572e-20 -8.292114e-20 -7.051542e-20
1040000 9.510507e-21 -5.555265e-20 -4.604214e-20
1041000 5.550416e-21 -9.768959e-20 -9.213917e-20
1042000 8.662923e-21 -7.862206e-20 -6.995914e-20
1043000 1.715892e-20 -1.134148e-19 -9.625585e-20
1044000 8.029376e-21 -1.122367e-19 -1.042073e-19
1045000 1.867935e-20 -4.772788e-20 -2.904853e-20
1046000 5.886104e-20 -1.115651e-19 -5.270401e-20
1047000 1.551636e-20 -8.737750e-20 -7.186115e-20
1048000 3.282807e-20 -7.384418e-20 -4.101611e-20
1049000 2.339305e-20 -1.169827e-19 -9.358964e-20
1050000 6.057976e-21 -5.057695e-20 -4.451897e-20
1051000 9.532865e-21 -7.070270e-20 -6.116984e-20
1052000 3.716488e-21 -1.207315e-19 -1.170150e-19
1053000 1.808998e-21 -7.991989e-20 -7.811089e-20
1054000 2.263211e-21 -9.583698e-20 -9.357376e-20
1055000 6.244773e-21 -1.018046e-20 -3.935686e-21
1056000 2.733074e-21 -1.196612e-19 -1.169282e-19
1057000 4.542684e-21 -1.144829e-19 -1.099402e-19
1058000 4.192994e-21 -1.153544e-19 -1.111614e-19
1059000 1.267661e-20 -1.053438e-19 -9.266720e-20
1060000 6.079311e-21 -1.083661e-19 -1.022868e-19
1061000 4.773862e-21 -1.036017e-19 -9.882782e-20
1062000 3.303088e-21 -1.196233e-19 -1.163202e-19
1063000 1.189020e-20 -1.210791e-19 -1.091889e-19
1064000 1.939889e-20 -9.540205e-20 -7.600315e-20
1065000 4.248977e-20 -4.273350e-20 -2.437333e-22
1066000 6.387532e-20 -8.428652e-20 -2.041120e-20
1067000 8.031270e-21 -1.097514e-19 -1.017202e-19
1068000 2.257976e-21 -8.254170e-20 -8.028372e-20
1069000 2.294341e-20 -1.131273e-19 -9.018384e-20
1070000 1.053140e-20 -9.008276e-20 -7.955135e-20
1071000 2.012095e-21 -1.060445e-19 -1.040324e-19
1072000 1.219241e-20 -1.228242e-19 -1.106318e-19
1073000 9.570681e-21 -8.532707e-20 -7.575638e-20
1074000 7.564191e-21 -1.222970e-19 -1.147328e-19
1075000 2.349112e-21 -1.158326e-19 -1.134835e-19
1076000 2.533422e-20 -6.751959e-20 -4.218537e-20
1077000 8.490400e-22 -1.103793e-19 -1.095303e-19
1078000 3.312390e-21 -1.161917e-19 -1.128793e-19
1079000 2.837231e-20 -7.905451e-20 -5.068220e-20
1080000 2.285900e-20 -1.143669e-19 -9.150790e-20
1081000 8.144703e-21 -8.363793e-20 -7.549322e-20
1082000 3.618299e-21 -5.175642e-20 -4.813812e-20
1083000 1.163464e-20 -5.623917e-20 -4.460453e-20
1084000 1.849563e-20 -1.186027e-19 -1.001071e-19
1085000 1.873352e-20 -1.160903e-19 -9.735682e-20
1086000 2.877879e-21 -1.206270e-19 -1.177492e-19
1087000 6.316669e-20 -9.854849e-20 -3.538180e-20
1088000 1.212866e-20 -1.077205e-19 -9.559186e-20
1089000 2.106858e-21 -1.082066e-19 -1.060997e-19
1090000 8.648328e-21 -8.333598e-20 -7.468765e-20
1091000 8.289539e-22 -1.212698e-19 -1.204409e-19
1092000 2.609126e-20 -1.051318e-19 -7.904057e-20
1093000 3.721894e-21 -1.011797e-19 -9.745780e-20
1094000 8.056469e-21 -1.142212e-19 -1.061648e-19
1095000 9.410122e-21 -1.075333e-19 -9.812320e-20
1096000 1.057011e-20 -1.124411e-19 -1.018710e-19
1097000 1.304912e-21 -1.126348e-19 -1.113299e-19
1098000 7.710995e-21 -5.950104e-20 -5.179004e-20
1099000 9.949572e-20 -6.153878e-20 3.795695e-20
1100000 2.343377e-20 -9.789182e-20 -7.445805e-20
1101000 2.864901e-20 -9.961889e-20 -7.096988e-20
1102000 4.294241e-21 -3.721947e-20 -3.292523e-20
1103000 3.608416e-21 -1.088449e-19 -1.052365e-19
1104000 4.276540e-21 -1.078120e-19 -1.035354e-19
1105000 3.304567e-22 -1.111848e-19 -1.108543e-19
1106000 1.000017e-21 -1.201190e-19 -1.191190e-19
1107000 4.822440e-21 -1.186845e-19 -1.138620e-19
1108000 2.057532e-20 -9.590029e-20 -7.532497e-20
1109000 8.844534e-21 -7.142607e-20 -6.258154e-20
1110000 7.490132e-21 -9.271499e-20 -8.522486e-20
1111000 2.439498e-20 -9.562465e-20 -7.122967e-20
1112000 1.458121e-20 -9.770380e-20 -8.312259e-20
1113000 1.691753e-20 -1.184385e-19 -1.015210e-19
1114000 8.806583e-21 -9.545855e-20 -8.665197e-20
1115000 1.150939e-19 -6.226495e-20 5.282897e-20
1116000 5.192518e-21 -1.138832e-19 -1.086907e-19
1117000 4.168051e-21 -4.681618e-20 -4.264813e-20
1118000 1.118885e-20 -9.573368e-20 -8.454483e-20
1119000 1.490218e-20 -1.129632e-19 -9.806098e-20
1120000 5.772102e-22 -7.651525e-20 -7.593804e-20
1121000 1.342568e-20 -4.813059e-20 -3.470492e-20
1122000 9.323417e-21 -1.156367e-19 -1.063132e-19
1123000 5.655667e-21 -1.066454e-19 -1.009898e-19
1124000 5.305768e-21 -1.093936e-19 -1.040879e-19
1125000 6.254706e-21 -1.227191e-19 -1.164644e-19
1126000 7.123639e-21 -3.629159e-20 -2.916795e-20
1127000 1.339722e-21 -8.909782e-20 -8.775810e-20
1128000 1.048537e-20 -9.787385e-20 -8.738848e-20
1129000 1.074504e-20 -1.212192e-19 -1.104742e-19
1130000 7.752370e-21 -8.465797e-20 -7.690560e-20
1131000 1.351020e-21 -1.202442e-19 -1.188932e-19
1132000 8.199275e-21 -1.176785e-19 -1.094792e-19
1133000 3.885091e-21 -9.258353e-20 -8.869844e-20
1134000 7.267382e-21 -9.633063e-20 -8.906325e-20
1135000 5.783728e-20 -8.810820e-20 -3.027092e-20
1136000 1.300961e-21 -1.155063e-19 -1.142054e-19
1137000 1.300974e-21 -7.855100e-20 -7.725002e-20
1138000 1.101353e-21 -1.191135e-19 -1.180121e-19
1139000 5.513778e-21 -6.679132e-20 -6.127754e-20
1140000 8.576077e-20 -9.419483e-20 -8.434064e-21
1141000 4.229205e-22 -1.129593e-19 -1.125364e-19
1142000 1.281069e-21 -8.440784e-20 -8.312678e-20
1143000 1.633467e-20 -1.183760e-19 -1.020413e-19
1144000 7.901592e-21 -1.010088e-19 -9.310721e-20
1145000 9.939408e-21 -1.106872e-19 -1.007478e-19
1146000 6.656637e-21 -1.103237e-19 -1.036670e-19
1147000 1.879091e-20 -1.169676e-19 -9.817667e-20
1148000 1.074477e-20 -9.127918e-20 -8.053440e-20
1149000 7.547202e-21 -9.067274e-20 -8.312554e-20
1150000 5.493231e-21 -9.085781e-20 -8.536458e-20
1151000 8.679690e-21 -1.097194e-19 -1.010397e-19
1152000 1.637305e-21 -9.464440e-20 -9.300710e-20
1153000 1.166780e-20 -8.910119e-20 -7.743339e-20
1154000 4.232129e-21 -1.071413e-19 -1.029092e-19
1155000 3.903347e-21 -9.287369e-20 -8.897035e-20
1156000 2.022075e-20 -1.214569e-19 -1.012361e-19
1157000 8.000514e-22 -9.663958e-20 -9.583952e-20
1158000 1.625468e-21 -1.218877e-19 -1.202623e-19
1159000 2.539647e-20 -1.064026e-19 -8.100618e-20
1160000 6.441440e-21 -8.229202e-20 -7.585059e-20
1161000 1.451361e-20 -4.851307e-20 -3.399947e-20
1162000 5.917412e-21 -9.948642e-20 -9.356901e-20
1163000 4.941232e-21 -1.197885e-19 -1.148473e-19
1164000 1.251383e-20 -1.133378e-19 -1.008240e-19
1165000 1.907244e-21 -1.165846e-19 -1.146774e-19
1166000 3.729446e-21 -1.143023e-19 -1.105729e-19
1167000 9.193609e-22 -9.687415e-20 -9.595478e-20
1168000 1.201637e-20 -1.185895e-19 -1.065731e-19
1169000 4.096290e-21 -4.429551e-20 -4.019922e-20
1170000 6.244014e-21 -1.147450e-19 -1.085010e-19
1171000 4.333119e-21 -1.053877e-19 -1.010546e-19
1172000 8.527851e-22 -1.144637e-19 -1.136110e-19
1173000 4.106853e-20 -8.687634e-20 -4.580782e-20
1174000 9.695837e-21 -7.552650e-20 -6.583067e-20
1175000 1.149401e-20 -7.606273e-20 -6.456872e-20
1176000 6.176440e-21 -8.126668e-20 -7.509024e-20
1177000 1.989947e-20 -8.924450e-20 -6.934503e-20
1178000 8.931612e-20 -4.672066e-20 4.259546e-20
1179000 3.884080e-21 -1.217850e-19 -1.179010e-19
1180000 5.160968e-20 -9.091411e-20 -3.930443e-20
1181000 1.175682e-20 -1.062191e-19 -9.446228e-20
1182000 1.222055e-20 -9.097319e-20 -7.875265e-20
1183000 1.230274e-20 -6.523260e-20 -5.292986e-20
1184000 5.417918e-21 -1.126437e-19 -1.072258e-19
1185000 2.743000e-21 -1.792761e-20 -1.518461e-20
1186000 6.931131e-21 -1.090438e-19 -1.021127e-19
1187000 1.965805e-21 -1.221388e-19 -1.201730e-19
1188000 9.780527e-22 -1.158753e-19 -1.148972e-19
1189000 1.161988e-20 -1.193878e-19 -1.077679e-19
1190000 1.365075e-20 -1.137748e-19 -1.001241e-19
1191000 1.805852e-20 -9.711261e-20 -7.905409e-20
1192000 2.376157e-20 -1.022988e-19 -7.853724e-20
1193000 3.497252e-20 -6.548973e-20 -3.051722e-20
1194000 1.807412e-20 -1.108750e-19 -9.280086e-20
1195000 2.291424e-20 -9.246236e-20 -6.954813e-20
1196000 9.510030e-21 -9.345163e-20 -8.394160e-20
1197000 1.221692e-20 -1.078954e-19 -9.567850e-20
1198000 3.830661e-21 -9.291566e-20 -8.908500e-20
1199000 3.167579e-20 -3.636470e-20 -4.688904e-21
1200000 8.090048e-21 -5.109562e-20 -4.300557e-20
1201000 1.360288e-20 -1.147749e-19 -1.011720e-19
1202000 3.769706e-21 -9.880196e-20 -9.503226e-20
1203000 1.245288e-21 -7.334596e-20 -7.210067e-20
1204000 8.703401e-21 -1.119414e-19 -1.032380e-19
1205000 1.980112e-20 -7.269111e-20 -5.288998e-20
1206000 2.235625e-20 -1.024032e-19 -8.004698e-20
1207000 1.015186e-21 -8.761395e-20 -8.659876e-20
1208000 9.315116e-22 -1.225942e-19 -1.216627e-19
1209000 3.944590e-20 -6.808442e-20 -2.863853e-20
1210000 5.714160e-21 -6.854514e-20 -6.283098e-20
1211000 8.907765e-21 -8.687933e-20 -7.797156e-20
1212000 2.671328e-21 -1.057020e-19 -1.030307e-19
1213000 6.793261e-21 -1.165570e-19 -1.097637e-19
1214000 6.255957e-21 -1.169484e-19 -1.106924e-19
1215000 3.471247e-21 -7.155157e-20 -6.808033e-20
1216000 6.688563e-21 -8.734164e-20 -8.065308e-20
1217000 1.630385e-21 -1.012796e-19 -9.964918e-20
1218000 2.199844e-20 -1.028933e-19 -8.089486e-20
1219000 6.009952e-21 -1.189062e-19 -1.128962e-19
1220000 1.533143e-20 -1.225924e-19 -1.072610e-19
1221000 7.079601e-21 -1.092136e-19 -1.021340e-19
1222000 9.103835e-21 -2.427471e-20 -1.517088e-20
1223000 1.266628e-20 -1.163346e-19 -1.036683e-19
1224000 1.421966e-20 -1.193096e-19 -1.050900e-19
1225000 1.166987e-20 -1.153795e-19 -1.037096e-19
1226000 1.205115e-21 -1.109679e-19 -1.097628e-19
1227000 1.283046e-21 -7.079545e-20 -6.951240e-20
1228000 1.709284e-21 -1.041076e-19 -1.023983e-19
1229000 5.207440e-20 -9.518242e-20 -4.310802e-20
1230000 3.278720e-20 -1.208304e-19 -8.804319e-20
1231000 2.541392e-20 -3.216992e-20 -6.755999e-21
1232000 2.861383e-21 -6.250352e-20 -5.964213e-20
1233000 1.551187e-20 -1.175672e-19 -1.020553e-19
1234000 4.647838e-21 -1.096399e-19 -1.049921e-19
1235000 5.431491e-21 -1.187350e-19 -1.133036e-19
1236000 2.471360e-21 -1.136428e-19 -1.111714e-19
1237000 2.919464e-20 -9.721180e-20 -6.801716e-20
1238000 3.441865e-21 -1.136054e-19 -1.101635e-19
1239000 7.386790e-21 -1.220560e-19 -1.146692e-19
1240000 1.448957e-20 -1.193377e-19 -1.048481e-19
1241000 3.314741e-20 -7.275273e-20 -3.960533e-20
1242000 1.162642e-20 -1.175953e-19 -1.059689e-19
1243000 6.597619e-21 -1.073017e-19 -1.007041e-19
1244000 9.072497e-21 -1.020085e-19 -9.293605e-20
1245000 1.409556e-20 -1.078473e-19 -9.375176e-20
1246000 5.014929e-20 -8.678098e-20 -3.663169e-20
1247000 6.896779e-21 -7.309780e-20 -6.620102e-20
1248000 1.316490e-20 -1.211405e-19 -1.079756e-19
1249000 9.050928e-21 -8.540015e-20 -7.634922e-20
1250000 2.829934e-21 -1.163812e-19 -1.135512e-19
1251000 2.803043e-20 -5.496217e-21 2.253421e-20
1252000 3.952557e-21 -1.192681e-19 -1.153155e-19
1253000 1.117730e-20 -8.523542e-20 -7.405812e-20
1254000 7.035726e-21 -1.108971e-19 -1.038614e-19
1255000 4.648742e-22 -1.210022e-19 -1.205373e-19
1256000 1.709683e-20 -1.099272e-19 -9.283034e-20
1257000 1.675892e-20 -1.001512e-19 -8.339228e-20
1258000 1.107553e-20 -1.068945e-19 -9.581894e-20
1259000 2.533253e-20 -7.798917e-20 -5.265664e-20
1260000 7.948610e-21 -8.739530e-20 -7.944669e-20
1261000 1.803815e-20 -8.045857e-20 -6.242042e-20
1262000 2.236407e-20 -1.028298e-19 -8.046574e-20
1263000 2.478075e-20 -8.847611e-20 -6.369536e-20
1264000 9.793767e-21 -1.199329e-19 -1.101392e-19
1265000 8.292948e-21 -8.311685e-20 -7.482390e-20
1266000 3.976217e-21 -1.198114e-19 -1.158352e-19
1267000 1.075339e-20 -1.216115e-19 -1.108581e-19
1268000 3.484202e-21 -1.053757e-19 -1.018915e-19
1269000 2.032759e-21 -1.210434e-19 -1.190106e-19
1270000 3.904593e-21 -1.215885e-19 -1.176839e-19
1271000 5.016726e-21 -6.675869e-20 -6.174197e-20
1272000 1.272683e-21 -1.085714e-19 -1.072987e-19
1273000 7.568680e-20 -9.483638e-20 -1.914958e-20
1274000 6.296827e-20 -2.387243e-20 3.909583e-20
1275000 1.011893e-22 -1.214106e-19 -1.213094e-19
1276000 8.110705e-21 -1.054502e-19 -9.733952e-20
1277000 1.463361e-20 -7.121414e-20 -5.658052e-20
1278000 1.145805e-20 -5.899131e-20 -4.753326e-20
1279000 5.069147e-20 -8.607530e-20 -3.538382e-20
1280000 8.715520e-21 -1.185200e-19 -1.098045e-19
1281000 2.637524e-21 -1.055150e-19 -1.028775e-19
1282000 4.574649e-21 -8.643560e-20 -8.186095e-20
1283000 2.643707e-20 -1.004109e-19 -7.397384e-20
1284000 1.627864e-19 -7.873661e-20 8.404977e-20
1285000 1.450702e-20 -8.103272e-20 -6.652570e-20
1286000 1.095476e-20 -8.506910e-20 -7.411434e-20
1287000 4.510180e-21 -1.183454e-19 -1.138352e-19
1288000 1.452135e-20 -9.443391e-20 -7.991256e-20
1289000 4.024656e-21 -1.035228e-19 -9.949818e-20
1290000 1.244447e-20 -1.180484e-19 -1.056039e-19
1291000 1.135792e-20 -9.145789e-20 -8.009998e-20
1292000 6.694210e-21 -8.401157e-20 -7.731736e-20
1293000 2.016472e-21 -1.069808e-19 -1.049643e-19
1294000 1.673723e-20 -1.231391e-19 -1.064019e-19
1295000 9.844390e-21 -8.028825e-20 -7.044386e-20
1296000 7.186338e-21 -1.184827e-19 -1.112963e-19
1297000 5.441169e-21 -5.733057e-20 -5.188940e-20
1298000 8.427701e-21 -7.227227e-20 -6.384457e-20
1299000 5.369511e-20 -8.875632e-20 -3.506121e-20
1300000 1.281378e-19 -7.562581e-20 5.251196e-20
1301000 1.014735e-20 -1.020614e-19 -9.191401e-20
1302000 1.042615e-20 -9.018989e-20 -7.976374e-20
1303000 8.837828e-21 -4.610044e-20 -3.726261e-20
1304000 4.023895e-21 -8.790579e-20 -8.388190e-20
1305000 5.618015e-21 -7.380089e-20 -6.818288e-20
1306000 7.949039e-21 -5.438959e-20 -4.644055e-20
1307000 1.519069e-22 -1.228620e-19 -1.227101e-19
1308000 1.417632e-21 -1.169607e-19 -1.155430e-19
1309000 1.288252e-20 -7.546137e-20 -6.257885e-20
1310000 1.080313e-20 -1.088031e-19 -9.799999e-20
1311000 6.562823e-20 -1.056547e-19 -4.002647e-20
1312000 1.451991e-20 -1.137449e-19 -9.922498e-20
1313000 7.444377e-21 -1.061049e-19 -9.866055e-20
1314000 2.260976e-20 -7.992158e-20 -5.731182e-20
1315000 3.039039e-21 -1.180923e-19 -1.150533e-19
1316000 1.298940e-21 -1.198893e-19 -1.185903e-19
1317000 1.041532e-20 -5.942939e-20 -4.901407e-20
1318000 5.180168e-21 -7.778166e-20 -7.260150e-20
1319000 3.536977e-21 -7.218206e-20 -6.864508e-20
1320000 6.734566e-20 -7.291420e-20 -5.568542e-21
1321000 1.047082e-20 -1.124359e-19 -1.019651e-19
1322000 5.837525e-20 -4.904297e-20 9.332280e-21
1323000 3.231580e-21 -1.222988e-19 -1.190672e-19
1324000 5.419675e-21 -1.071951e-19 -1.017754e-19
1325000 2.538495e-21 -7.562907e-20 -7.309057e-20
1326000 4.990244e-21 -8.061332e-20 -7.562308e-20
1327000 4.258300e-22 -1.201613e-19 -1.197355e-19
1328000 1.631253e-21 -1.193406e-19 -1.177093e-19
1329000 7.099191e-21 -1.028576e-19 -9.575840e-20
1330000 7.619841e-22 -1.144084e-19 -1.136464e-19
1331000 2.270557e-20 -9.063940e-20 -6.793383e-20
1332000 9.159692e-21 -6.037810e-20 -5.121841e-20
1333000 2.390750e-21 -1.218528e-19 -1.194621e-19
1334000 1.504987e-20 -4.365921e-20 -2.860934e-20
1335000 2.471184e-21 -9.694541e-20 -9.447423e-20
1336000 1.087948e-20 -1.100038e-19 -9.912427e-20
1337000 1.215205e-20 -1.084585e-19 -9.630646e-20
1338000 2.835724e-22 -7.338936e-20 -7.310578e-20
1339000 4.047292e-21 -1.176582e-19 -1.136109e-19
1340000 1.286774e-21 -8.313626e-20 -8.184949e-20
1341000 2.744995e-20 -1.013607e-19 -7.391078e-20
1342000 1.186362e-20 -7.832788e-20 -6.646426e-20
1343000 2.602851e-21 -9.661969e-20 -9.401683e-20
1344000 1.192258e-20 -7.645432e-20 -6.453174e-20
1345000 9.757282e-21 -1.054407e-19 -9.568344e-20
1346000 4.272482e-20 -4.956695e-20 -6.842121e-21
1347000 1.954904e-20 -8.892597e-20 -6.937693e-20
1348000 2.648977e-21 -1.065846e-19 -1.039356e-19
1349000 3.975404e-21 -7.472267e-20 -7.074727e-20
1350000 3.313599e-21 -1.181734e-19 -1.148598e-19
1351000 8.215549e-21 -9.328139e-20 -8.506584e-20
1352000 1.121533e-20 -1.202878e-19 -1.090725e-19
1353000 4.078987e-21 -9.489281e-20 -9.081383e-20
1354000 7.998197e-21 -9.431650e-20 -8.631831e-20
1355000 2.301389e-21 -1.046667e-19 -1.023653e-19
1356000 8.596929e-21 -9.298902e-20 -8.439210e-20
1357000 5.210036e-21 -1.124864e-20 -6.038605e-21
1358000 1.829221e-20 -1.205506e-19 -1.022584e-19
1359000 9.713563e-22 -1.058474e-19 -1.048760e-19
1360000 1.092455e-20 -1.187794e-19 -1.078549e-19
1361000 2.273400e-20 -3.928565e-20 -1.655165e-20
1362000 1.341110e-21 -1.210970e-19 -1.197559e-19
1363000 3.450765e-20 -3.437746e-20 1.301930e-22
1364000 4.489343e-21 -1.215331e-19 -1.170438e-19
1365000 2.174638e-20 -1.176592e-19 -9.591287e-20
1366000 3.725063e-21 -1.076142e-19 -1.038892e-19
1367000 1.542220e-20 -8.217482e-20 -6.675262e-20
1368000 1.378059e-20 -6.217852e-20 -4.839792e-20
1369000 4.471336e-21 -1.207434e-19 -1.162721e-19
1370000 1.817618e-21 -1.191494e-19 -1.173318e-19
1371000 1.257684e-21 -1.089668e-19 -1.077091e-19
1372000 1.310667e-20 -1.147786e-19 -1.016720e-19
1373000 8.710327e-22 -9.744758e-20 -9.657655e-20
1374000 5.666855e-21 -9.321605e-20 -8.754919e-20
1375000 7.951851e-21 -9.937205e-20 -9.142020e-20
1376000 1.017651e-20 -6.957258e-20 -5.939607e-20
1377000 8.144174e-21 -7.580000e-20 -6.765582e-20
1378000 3.635340e-21 -1.187644e-19 -1.151291e-19
1379000 3.298904e-20 -5.380395e-20 -2.081491e-20
1380000 2.829686e-22 -1.175562e-19 -1.172732e-19
1381000 7.393477e-21 -1.149202e-19 -1.075267e-19
1382000 1.270782e-20 -8.122218e-20 -6.851435e-20
1383000 1.141278e-20 -1.138648e-19 -1.024520e-19
1384000 1.578237e-20 -5.239913e-20 -3.661677e-20
1385000 1.181471e-20 -1.016350e-19 -8.982033e-20
1386000 6.044224e-21 -7.904609e-20 -7.300187e-20
1387000 2.162473e-21 -9.562392e-20 -9.346145e-20
1388000 1.044969e-20 -9.049044e-20 -8.004074e-20
1389000 4.246532e-20 -1.003675e-19 -5.790223e-20
1390000 1.222561e-20 -1.143116e-19 -1.020860e-19
1391000 7.208712e-21 -1.197626e-19 -1.125539e-19
1392000 3.218166e-21 -1.223157e-19 -1.190976e-19
1393000 4.345341e-20 -1.058245e-19 -6.237112e-20
1394000 1.875701e-20 -5.282451e-20 -3.406750e-20
1395000 2.844623e-21 -7.958292e-20 -7.673830e-20
1396000 1.237735e-20 -1.166204e-19 -1.042431e-19
1397000 2.139045e-21 -7.576586e-20 -7.362681e-20
1398000 1.061981e-21 -1.188842e-19 -1.178222e-19
1399000 2.012610e-20 -6.780315e-20 -4.767705e-20
1400000 4.991804e-21 -1.206500e-19 -1.156582e-19
1401000 5.759009e-21 -1.159599e-19 -1.102009e-19
1402000 1.861776e-21 -1.141398e-19 -1.122780e-19
1403000 3.839335e-21 -1.061275e-19 -1.022882e-19
1404000 3.739902e-20 -1.003183e-19 -6.291932e-20
1405000 1.471702e-20 -1.195207e-19 -1.048037e-19
1406000 1.042097e-20 -1.186002e-19 -1.081792e-19
1407000 2.267561e-21 -9.865575e-20 -9.638819e-20
1408000 9.791171e-21 -9.576303e-20 -8.597186e-20
1409000 4.158321e-21 -1.213499e-19 -1.171916e-19
1410000 2.811711e-20 -7.230834e-20 -4.419123e-20
1411000 1.629364e-21 -6.648130e-20 -6.485193e-20
1412000 1.665722e-20 -1.096243e-19 -9.296704e-20
1413000 5.615868e-21 -1.075851e-19 -1.019692e-19
1414000 3.577791e-22 -7.840376e-20 -7.804598e-20
1415000 1.089601e-20 -6.954373e-20 -5.864772e-20
1416000 1.448721e-20 -9.174318e-20 -7.725597e-20
1417000 3.903527e-20 -8.515513e-20 -4.611986e-20
1418000 4.062468e-21 -1.117162e-19 -1.076537e-19
1419000 1.146181e-20 -9.671315e-20 -8.525134e-20
1420000 8.217949e-22 -1.163160e-19 -1.154942e-19
1421000 4.449641e-21 -1.178299e-19 -1.133802e-19
1422000 5.340336e-21 -1.192920e-19 -1.139516e-19
1423000 2.243220e-20 -9.390036e-20 -7.146816e-20
1424000 6.855937e-21 -8.242614e-20 -7.557020e-20
1425000 4.525992e-21 -1.021964e-19 -9.767043e-20
1426000 6.142409e-21 -8.633115e-20 -8.018874e-20
1427000 8.181377e-21 -1.149877e-19 -1.068063e-19
1428000 3.318525e-21 -6.453046e-20 -6.121193e-20
1429000 5.915517e-22 -1.179523e-19 -1.173608e-19
1430000 3.933612e-21 -9.820529e-20 -9.427168e-20
1431000 1.797364e-20 -1.065061e-19 -8.853245e-20
1432000 3.513598e-20 -2.874185e-20 6.394130e-21
1433000 7.984423e-21 -1.198221e-19 -1.118376e-19
1434000 2.559012e-21 -1.053441e-19 -1.027851e-19
1435000 5.949730e-21 -1.220845e-19 -1.161348e-19
1436000 5.462627e-21 -8.245523e-20 -7.699260e-20
1437000 1.871095e-20 -1.113995e-19 -9.268859e-20
1438000 7.754665e-21 -8.981350e-20 -8.205883e-20
1439000 1.188355e-21 -1.068827e-19 -1.056943e-19
1440000 1.550684e-20 -8.255604e-20 -6.704919e-20
1441000 1.061522e-21 -1.093095e-19 -1.082480e-19
1442000 1.407191e-20 -1.082612e-19 -9.418925e-20
1443000 3.512651e-21 -1.193222e-19 -1.158096e-19
1444000 1.110676e-20 -1.193351e-19 -1.082284e-19
1445000 6.431228e-21 -8.142424e-20 -7.499302e-20
1446000 6.593199e-21 -1.204473e-19 -1.138541e-19
1447000 1.004697e-20 -9.977269e-20 -8.972572e-20
1448000 3.321685e-21 -1.173850e-19 -1.140633e-19
1449000 1.669453e-21 -1.147379e-19 -1.130684e-19
1450000 2.027355e-21 -9.230638e-20 -9.027903e-20
1451000 5.931058e-21 -1.208426e-19 -1.149115e-19
1452000 8.718408e-20 -1.185205e-19 -3.133645e-20
1453000 1.823656e-21 -1.200471e-19 -1.182235e-19
1454000 1.844917e-20 -7.354760e-20 -5.509843e-20
1455000 3.124691e-21 -4.311737e-20 -3.999268e-20
1456000 7.256621e-21 -1.211706e-19 -1.139140e-19
1457000 5.242446e-21 -1.122065e-19 -1.069640e-19
1458000 8.869996e-22 -1.043209e-19 -1.034339e-19
1459000 2.289077e-20 -7.100688e-20 -4.811611e-20
1460000 2.397843e-20 -9.759837e-20 -7.361994e-20
1461000 7.245102e-20 -1.076310e-19 -3.518000e-20
1462000 1.173367e-20 -1.176034e-19 -1.058697e-19
1463000 1.092197e-20 -1.181040e-19 -1.071821e-19
1464000 7.743930e-21 -1.019611e-19 -9.421714e-20
1465000 1.356510e-20 -1.112931e-19 -9.772798e-20
1466000 7.224949e-21 -1.007491e-19 -9.352412e-20
1467000 4.378459e-21 -1.150383e-19 -1.106599e-19
1468000 9.876628e-21 -8.430157e-20 -7.442494e-20
1469000 1.958707e-21 -1.209005e-19 -1.189418e-19
1470000 2.619320e-21 -7.195246e-20 -6.933314e-20
1471000 7.922787e-21 -1.036444e-19 -9.572161e-20
1472000 3.269856e-21 -1.228919e-19 -1.196221e-19
1473000 1.243202e-20 -1.020431e-19 -8.961106e-20
1474000 4.210216e-22 -1.069545e-19 -1.065335e-19
1475000 7.209162e-21 -1.123259e-19 -1.051168e-19
1476000 2.132207e-20 -1.036292e-19 -8.230711e-20
1477000 9.788852e-21 -1.211367e-19 -1.113478e-19
1478000 2.479680e-20 -7.343629e-20 -4.863948e-20
1479000 1.132104e-20 -9.397147e-20 -8.265043e-20
1480000 1.354413e-20 -1.122611e-19 -9.871698e-20
1481000 2.827186e-21 -6.759939e-20 -6.477220e-20
1482000 1.554395e-20 -1.115870e-19 -9.604301e-20
1483000 1.926667e-20 -1.192766e-19 -1.000099e-19
1484000 8.663130e-21 -9.375001e-20 -8.508688e-20
1485000 4.259600e-20 3.561085e-20 7.820685e-20
1486000 3.240597e-20 -1.029046e-19 -7.049864e-20
1487000 1.246143e-21 -1.200762e-19 -1.188301e-19
1488000 1.608164e-20 -8.226813e-20 -6.618649e-20
1489000 4.007593e-20 -5.779267e-20 -1.771674e-20
1490000 4.717439e-21 -1.165432e-19 -1.118257e-19
1491000 1.137355e-20 -1.205369e-19 -1.091633e-19
1492000 5.908910e-22 -7.626074e-20 -7.566985e-20
1493000 1.169869e-20 -1.144108e-19 -1.027121e-19
1494000 5.764376e-21 -1.037547e-19 -9.799031e-20
1495000 4.542164e-21 -1.111042e-19 -1.065620e-19
1496000 7.965725e-21 -1.231372e-19 -1.151715e-19
1497000 2.802388e-21 -1.200425e-19 -1.172401e-19
1498000 1.358651e-20 -9.486732e-20 -8.128081e-20
1499000 2.581209e-21 -1.041633e-19 -1.015821e-19
1500000 2.382282e-20 -7.775664e-20 -5.393382e-20
1501000 6.396828e-21 -7.831600e-20 -7.191917e-20
1502000 2.884789e-21 -1.170844e-19 -1.141996e-19
1503000 7.277836e-21 -3.111720e-20 -2.383937e-20
1504000 1.209722e-20 -1.090854e-19 -9.698821e-20
1505000 6.145439e-21 -1.056341e-19 -9.948866e-20
1506000 2.403583e-20 -1.169742e-19 -9.293838e-20
1507000 1.109758e-20 -1.121216e-19 -1.010240e-19
1508000 5.036365e-21 -6.341165e-20 -5.837529e-20
1509000 1.174529e-20 -8.272720e-20 -7.098191e-20
1510000 2.241440e-20 -1.000604e-19 -7.764597e-20
1511000 2.193857e-21 -8.915114e-20 -8.695728e-20
1512000 5.265211e-21 -9.200094e-20 -8.673573e-20
1513000 1.300190e-21 -1.158323e-19 -1.145321e-19
1514000 4.289489e-21 -1.060117e-19 -1.017222e-19
1515000 1.427070e-20 -8.183301e-20 -6.756232e-20
1516000 2.572023e-20 -5.837069e-20 -3.265046e-20
1517000 4.516997e-21 -8.736637e-20 -8.284937e-20
1518000 1.370600e-21 -1.137133e-19 -1.123427e-19
1519000 4.677863e-20 -1.120008e-19 -6.522212e-20
1520000 5.503502e-21 -1.064407e-19 -1.009372e-19
1521000 5.039914e-20 -8.199092e-20 -3.159177e-20
1522000 1.242219e-20 -1.055846e-19 -9.316240e-20
1523000 2.593187e-20 -1.169053e-19 -9.097347e-20
1524000 7.071167e-21 -8.819323e-20 -8.112206e-20
1525000 1.030871e-21 -8.561093e-20 -8.458006e-20
1526000 8.956135e-21 -5.591247e-20 -4.695634e-20
1527000 7.888833e-21 -1.140377e-19 -1.061489e-19
1528000 1.467925e-20 -9.628361e-20 -8.160437e-20
1529000 1.604736e-20 -1.232705e-19 -1.072232e-19
1530000 2.734647e-21 -1.004408e-19 -9.770616e-20
1531000 3.692928e-20 -9.294748e-20 -5.601820e-20
1532000 2.420231e-21 -1.229781e-19 -1.205578e-19
1533000 4.201011e-21 -1.158327e-19 -1.116317e-19
1534000 1.256637e-20 -9.846458e-20 -8.589820e-20
1535000 1.623480e-20 -1.034132e-19 -8.717836e-20
1536000 6.731669e-22 -1.200390e-19 -1.193658e-19
1537000 1.310697e-21 -1.177627e-19 -1.164520e-19
1538000 8.944154e-21 -1.215993e-19 -1.126551e-19
1539000 1.496503e-20 -7.068733e-20 -5.572229e-20
1540000 3.102659e-21 -5.047352e-20 -4.737086e-20
1541000 2.301258e-21 -9.982981e-20 -9.752855e-20
1542000 3.885242e-21 -9.619928e-20 -9.231404e-20
1543000 5.205191e-21 -1.151216e-19 -1.099164e-19
1544000 7.198872e-21 -1.156887e-19 -1.084898e-19
1545000 1.037465e-20 -9.418644e-20 -8.381179e-20
1546000 1.859747e-20 -1.088925e-19 -9.029507e-20
1547000 3.394970e-20 -1.165941e-19 -8.264437e-20
1548000 1.910475e-20 -3.829125e-20 -1.918650e-20
1549000 5.014511e-20 -5.761942e-20 -7.474313e-21
1550000 6.749717e-21 -9.426683e-20 -8.751711e-20
1551000 2.139765e-20 -1.022100e-19 -8.081237e-20
1552000 4.818848e-21 -1.128678e-19 -1.080489e-19
1553000 4.390380e-20 -9.992570e-20 -5.602190e-20
1554000 1.222331e-20 -7.183256e-20 -5.960926e-20
1555000 1.756740e-20 -1.090745e-19 -9.150709e-20
1556000 1.175185e-21 -1.175783e-19 -1.164032e-19
1557000 1.094491e-20 -9.425443e-20 -8.330952e-20
1558000 1.635347e-20 -8.990918e-20 -7.355571e-20
1559000 2.630216e-20 -8.538190e-20 -5.907974e-20
1560000 8.388320e-20 -4.892561e-20 3.495759e-20
1561000 9.522586e-21 -9.427126e-20 -8.474868e-20
1562000 4.235628e-21 -1.202531e-19 -1.160175e-19
1563000 1.438213e-20 -8.767467e-20 -7.329254e-20
1564000 7.066493e-21 -1.197840e-19 -1.127175e-19
1565000 2.126401e-21 -1.203235e-19 -1.181971e-19
1566000 8.291860e-21 -7.012403e-20 -6.183217e-20
1567000 8.241915e-22 -1.113966e-19 -1.105724e-19
1568000 3.206749e-21 -6.951383e-20 -6.630708e-20
1569000 1.304770e-20 -1.135159e-19 -1.004682e-19
1570000 7.972037e-21 -7.094542e-20 -6.297338e-20
1571000 1.807295e-21 -1.138092e-19 -1.120019e-19
1572000 5.943080e-21 -1.175306e-19 -1.115875e-19
1573000 3.252639e-21 -9.463419e-20 -9.138155e-20
1574000 2.655230e-20 -1.218792e-19 -9.532687e-20
1575000 7.482489e-21 -1.148230e-19 -1.073405e-19
1576000 1.001475e-20 -8.976271e-20 -7.974797e-20
1577000 1.925023e-20 -9.695943e-20 -7.770920e-20
1578000 6.298085e-20 -1.072773e-19 -4.429649e-20
1579000 8.445289e-21 -8.741198e-20 -7.896669e-20
1580000 1.654733e-20 -8.436906e-20 -6.782172e-20
1581000 4.863801e-21 -1.179230e-19 -1.130592e-19
1582000 1.107263e-21 -1.127706e-19 -1.116634e-19
1583000 1.247960e-20 -1.223473e-19 -1.098677e-19
1584000 7.043492e-21 -1.218070e-19 -1.147635e-19
1585000 1.226198e-20 -7.255742e-20 -6.029544e-20
1586000 1.783034e-20 -5.516150e-20 -3.733116e-20
1587000 5.202463e-22 -9.615515e-20 -9.563490e-20
1588000 1.200725e-20 -8.732675e-20 -7.531949e-20
1589000 1.871057e-21 -1.064557e-19 -1.045847e-19
1590000 1.225413e-20 -9.664328e-20 -8.438915e-20
1591000 5.996972e-21 -1.204120e-19 -1.144150e-19
1592000 2.459566e-20 -1.027169e-19 -7.812119e-20
1593000 2.501705e-20 -7.168834e-20 -4.667129e-20
1594000 4.467991e-21 -1.150489e-19 -1.105809e-19
1595000 1.119891e-20 -9.998820e-20 -8.878930e-20
1596000 1.203788e-20 -1.058319e-19 -9.379403e-20
1597000 4.923598e-20 -8.727095e-20 -3.803497e-20
1598000 2.236855e-21 -1.136879e-19 -1.114510e-19
1599000 2.461954e-20 -9.613723e-20 -7.151769e-20
1600000 1.544752e-20 -1.189892e-19 -1.035416e-19
1601000 9.370491e-21 -1.153215e-19 -1.059510e-19
1602000 5.065697e-21 -1.190660e-19 -1.140003e-19
1603000 7.892800e-20 -7.433435e-21 7.149457e-20
1604000 6.306965e-21 -8.425134e-20 -7.794438e-20
1605000 6.996645e-21 -1.126491e-19 -1.056525e-19
1606000 1.362085e-21 -6.006215e-20 -5.870007e-20
1607000 5.014775e-21 -1.056494e-19 -1.006347e-19
1608000 6.617575e-21 -3.568755e-20 -2.906997e-20
1609000 2.695282e-20 -3.273718e-20 -5.784365e-21
1610000 7.334848e-21 -7.820467e-20 -7.086982e-20
1611000 2.035258e-21 -1.051751e-19 -1.031399e-19
1612000 1.170473e-20 -1.167995e-19 -1.050948e-19
1613000 2.999488e-21 -1.191642e-19 -1.161647e-19
1614000 1.607398e-20 -1.025725e-19 -8.649851e-20
1615000 4.063278e-21 -1.230394e-19 -1.189761e-19
1616000 2.879699e-21 -1.081630e-19 -1.052833e-19
1617000 5.134931e-20 -5.874720e-20 -7.397884e-21
1618000 4.631002e-20 -1.194637e-19 -7.315370e-20
1619000 5.976160e-21 -1.018723e-19 -9.589618e-20
1620000 1.121749e-20 -1.189826e-19 -1.077651e-19
1621000 4.758477e-21 -1.100921e-19 -1.053336e-19
1622000 6.989280e-21 -1.019994e-19 -9.501015e-20
1623000 5.432570e-21 -1.173286e-19 -1.118961e-19
1624000 2.742246e-20 -1.124575e-19 -8.503504e-20
1625000 1.550606e-21 -9.287190e-20 -9.132129e-20
1626000 1.294756e-20 -1.012698e-19 -8.832224e-20
1627000 9.400257e-21 -1.192789e-19 -1.098786e-19
1628000 3.361853e-21 -1.078424e-19 -1.044805e-19
1629000 5.059755e-21 -1.054554e-19 -1.003956e-19
1630000 1.204248e-20 -7.842644e-20 -6.638396e-20
1631000 5.603253e-21 -9.359547e-20 -8.799222e-20
1632000 1.393825e-20 -9.753074e-20 -8.359249e-20
1633000 9.056737e-21 -8.943433e-20 -8.037759e-20
1634000 2.602993e-20 -1.145508e-19 -8.852086e-20
1635000 7.655330e-21 -9.255867e-20 -8.490334e-20
1636000 2.982017e-21 -1.206448e-19 -1.176628e-19
1637000 3.286486e-21 -1.216156e-19 -1.183292e-19
1638000 2.235107e-20 -1.149939e-19 -9.264283e-20
1639000 1.628102e-20 -7.832846e-20 -6.204744e-20
1640000 5.316366e-21 -1.038057e-19 -9.848936e-20
1641000 2.678352e-20 -1.011217e-19 -7.433821e-20
1642000 1.572291e-20 -4.328208e-20 -2.755917e-20
1643000 1.984142e-21 -1.090896e-19 -1.071055e-19
1644000 2.267639e-20 -1.051823e-19 -8.250593e-20
1645000 3.978262e-21 -1.123131e-19 -1.083348e-19
1646000 4.188983e-20 -1.086914e-19 -6.680156e-20
1647000 5.514763e-21 -1.176085e-19 -1.120937e-19
1648000 2.492170e-21 -1.098854e-19 -1.073932e-19
1649000 2.701659e-20 -7.083225e-20 -4.381566e-20
1650000 8.740214e-21 -8.206849e-20 -7.332827e-20
1651000 2.785777e-21 -9.145511e-20 -8.866934e-20
1652000 1.618718e-20 -9.116809e-20 -7.498091e-20
1653000 3.254099e-21 -1.145529e-19 -1.112988e-19
1654000 7.072107e-21 -1.196914e-19 -1.126193e-19
1655000 9.109348e-22 -1.166179e-19 -1.157070e-19
1656000 1.058563e-20 -5.988949e-20 -4.930386e-20
1657000 1.446911e-20 -1.131211e-19 -9.865195e-20
1658000 5.266835e-21 -1.189705e-19 -1.137036e-19
1659000 1.036420e-20 -9.312296e-20 -8.275876e-20
1660000 8.802510e-21 -1.130172e-19 -1.042147e-19
1661000 2.194450e-21 -1.066575e-19 -1.044631e-19
1662000 8.136627e-21 -1.036817e-19 -9.554508e-20
1663000 2.347609e-20 -1.009025e-19 -7.742645e-20
1664000 1.460186e-21 -1.021242e-19 -1.006640e-19
1665000 8.984781e-21 -1.139806e-19 -1.049958e-19
1666000 2.199915e-20 -1.146938e-19 -9.269465e-20
1667000 1.709244e-21 -1.183196e-19 -1.166104e-19
1668000 3.034328e-20 -1.000257e-19 -6.968240e-20
1669000 4.591838e-21 -1.012939e-19 -9.670211e-20
1670000 4.466493e-20 -7.539376e-20 -3.072883e-20
1671000 7.159027e-21 -5.046979e-20 -4.331077e-20
1672000 1.004219e-21 -1.151805e-19 -1.141762e-19
1673000 1.445571e-20 -1.047142e-19 -9.025845e-20
1674000 5.966777e-21 -1.142812e-19 -1.083145e-19
1675000 4.959953e-21 -1.214821e-19 -1.165221e-19
1676000 1.548272e-20 -1.026303e-19 -8.714758e-20
1677000 2.058739e-20 -6.571122e-20 -4.512383e-20
1678000 1.296583e-20 -1.010003e-19 -8.803452e-20
1679000 7.762670e-21 -8.130533e-20 -7.354266e-20
1680000 1.238251e-20 -1.203833e-19 -1.080008e-19
1681000 9.318516e-21 -9.815203e-20 -8.883351e-20
1682000 6.504764e-21 -5.882465e-20 -5.231989e-20
1683000 1.733365e-20 -7.239722e-20 -5.506357e-20
1684000 2.751502e-20 -1.164207e-19 -8.890567e-20
1685000 1.482148e-20 -8.116295e-20 -6.634148e-20
1686000 1.718857e-20 -1.066769e-19 -8.948833e-20
1687000 5.150736e-22 -1.003311e-19 -9.981599e-20
1688000 4.531907e-21 -8.204716e-20 -7.751525e-20
1689000 7.613183e-20 -1.182264e-19 -4.209454e-20
1690000 3.926142e-21 -1.183876e-19 -1.144615e-19
1691000 6.930237e-20 -1.100466e-19 -4.074426e-20
1692000 1.091056e-21 -6.926171e-20 -6.817065e-20
1693000 1.342762e-20 -8.761587e-20 -7.418824e-20
1694000 9.001004e-21 -1.059169e-19 -9.691592e-20
1695000 5.978978e-20 -1.143119e-19 -5.452209e-20
1696000 2.534524e-20 -9.005757e-20 -6.471233e-20
1697000 1.764500e-19 2.316012e-20 1.996101e-19
1698000 5.202965e-21 -1.176115e-19 -1.124085e-19
1699000 6.085959e-22 -1.147394e-19 -1.141308e-19
1700000 2.736693e-20 -1.185971e-19 -9.123012e-20
1701000 3.478869e-21 -8.727982e-20 -8.380095e-20
1702000 4.548733e-21 -1.027390e-19 -9.819031e-20
1703000 1.956050e-20 -7.753553e-20 -5.797504e-20
1704000 2.552277e-22 -1.214998e-19 -1.212446e-19
1705000 7.583349e-21 -1.128488e-19 -1.052655e-19
1706000 2.520784e-20 -5.254909e-20 -2.734125e-20
1707000 2.632307e-20 -8.410662e-20 -5.778355e-20
1708000 6.285222e-21 -8.240957e-20 -7.612435e-20
1709000 9.406078e-21 -1.222977e-19 -1.128916e-19
1710000 1.514701e-20 -1.047347e-19 -8.958772e-20
1711000 1.689310e-21 -5.965317e-20 -5.796386e-20
1712000 6.190807e-22 -1.169101e-19 -1.162911e-19
1713000 3.015296e-21 -1.115298e-19 -1.085145e-19
1714000 1.404636e-20 -1.139048e-19 -9.985847e-20
1715000 6.744283e-21 -9.956226e-20 -9.281797e-20
1716000 1.727332e-20 -3.891406e-20 -2.164074e-20
1717000 2.213695e-21 -1.193763e-19 -1.171626e-19
1718000 5.004808e-21 -9.467785e-20 -8.967304e-20
1719000 1.586465e-21 -1.180715e-19 -1.164851e-19
1720000 1.860972e-20 -1.169814e-19 -9.837170e-20
1721000 1.108589e-21 -1.101358e-19 -1.090272e-19
1722000 2.199508e-20 -7.011427e-20 -4.811919e-20
1723000 1.708760e-20 -4.652740e-20 -2.943979e-20
1724000 2.445278e-20 -9.386166e-20 -6.940888e-20
1725000 6.818307e-21 -1.216000e-19 -1.147817e-19
1726000 7.485097e-21 -7.342768e-20 -6.594258e-20
1727000 1.847976e-20 -1.159970e-19 -9.751719e-20
1728000 9.089725e-21 -1.101596e-19 -1.010698e-19
1729000 2.833238e-20 -8.973437e-20 -6.140199e-20
1730000 5.298277e-21 -1.045065e-19 -9.920822e-20
1731000 5.875791e-21 -1.120522e-19 -1.061765e-19
1732000 9.880552e-21 -1.037898e-19 -9.390927e-20
1733000 1.813844e-20 -1.215085e-19 -1.033701e-19
1734000 6.025404e-21 -5.955058e-20 -5.352517e-20
1735000 6.076434e-21 -1.153061e-19 -1.092297e-19
1736000 3.834180e-20 -1.020786e-19 -6.373677e-20
1737000 1.264240e-20 -1.148049e-19 -1.021625e-19
1738000 9.072495e-21 -1.175270e-19 -1.084545e-19
1739000 1.593106e-20 -8.518845e-20 -6.925739e-20
1740000 1.812336e-20 -7.540090e-20 -5.727754e-20
1741000 2.724468e-20 -5.117827e-20 -2.393359e-20
1742000 4.692805e-21 -1.142892e-19 -1.095964e-19
1743000 3.287799e-20 -6.159186e-20 -2.871387e-20
1744000 3.726642e-21 -1.177078e-19 -1.139812e-19
1745000 1.119189e-21 -1.204622e-19 -1.193430e-19
1746000 4.891050e-20 -7.543218e-20 -2.652167e-20
1747000 2.064814e-20 -8.914661e-20 -6.849847e-20
1748000 2.029210e-20 -5.851915e-20 -3.822705e-20
1749000 1.479466e-20 -1.036950e-19 -8.890035e-20
1750000 1.190029e-20 -1.174022e-19 -1.055019e-19
1751000 1.472736e-20 -8.750608e-20 -7.277872e-20
1752000 1.136804e-20 -1.066590e-19 -9.529092e-20
1753000 3.635095e-21 -3.806580e-20 -3.443071e-20
1754000 6.277140e-20 -5.556633e-20 7.205067e-21
1755000 6.222679e-21 -1.203761e-19 -1.141534e-19
1756000 1.808723e-20 -8.091925e-20 -6.283203e-20
1757000 3.283180e-20 -1.210049e-19 -8.817308e-20
1758000 1.852233e-20 -7.623964e-20 -5.771730e-20
1759000 1.940922e-20 -1.018160e-19 -8.240682e-20
1760000 8.103631e-21 -1.118538e-19 -1.037502e-19
1761000 1.483805e-20 -1.150304e-19 -1.001923e-19
1762000 1.186279e-21 -8.967198e-20 -8.848570e-20
1763000 1.146102e-20 -1.149235e-19 -1.034625e-19
1764000 5.033045e-20 -5.263894e-20 -2.308493e-21
1765000 1.015667e-20 -1.006029e-19 -9.044627e-20
1766000 1.914726e-20 -9.718134e-20 -7.803408e-20
1767000 1.638997e-21 -1.180785e-19 -1.164395e-19
1768000 9.238652e-21 -1.100536e-19 -1.008150e-19
1769000 4.963872e-21 -1.195412e-19 -1.145774e-19
1770000 2.218373e-20 -1.221627e-19 -9.997892e-20
1771000 3.366710e-21 -1.209116e-19 -1.175449e-19
1772000 1.246505e-20 -8.037252e-20 -6.790747e-20
1773000 6.480921e-21 -1.106919e-19 -1.042110e-19
1774000 5.485419e-20 -8.932019e-20 -3.446599e-20
1775000 6.362030e-20 -1.031613e-19 -3.954104e-20
1776000 1.592806e-20 -1.109127e-19 -9.498464e-20
1777000 1.240837e-20 -1.145477e-19 -1.021393e-19
1778000 8.937764e-21 -7.108644e-20 -6.214867e-20
1779000 4.017506e-21 -8.990110e-20 -8.588359e-20
1780000 4.850610e-21 -1.049165e-19 -1.000659e-19
1781000 1.642565e-20 -7.068123e-20 -5.425558e-20
1782000 5.904726e-21 -9.629964e-20 -9.039492e-20
1783000 1.627220e-21 -1.165680e-19 -1.149408e-19
1784000 2.008087e-20 -1.198927e-19 -9.981185e-20
1785000 1.482506e-20 -3.164559e-20 -1.682054e-20
1786000 2.081396e-20 -1.214019e-19 -1.005880e-19
1787000 1.328874e-21 -9.424928e-20 -9.292041e-20
1788000 4.971660e-22 -1.166584e-19 -1.161613e-19
1789000 1.887574e-20 -9.057193e-20 -7.169620e-20
1790000 7.797948e-20 -3.634226e-20 4.163722e-20
1791000 1.339176e-20 -9.886569e-20 -8.547393e-20
1792000 4.614275e-20 -1.198524e-19 -7.370961e-20
1793000 1.049307e-20 -1.196031e-19 -1.091100e-19
1794000 6.094112e-21 -9.110098e-20 -8.500687e-20
1795000 1.849352e-20 -1.192799e-19 -1.007863e-19
1796000 1.536808e-20 -1.123465e-19 -9.697840e-20
1797000 3.786692e-21 -1.147189e-19 -1.109322e-19
1798000 1.273404e-20 -8.875090e-20 -7.601686e-20
1799000 2.490340e-21 -9.002882e-20 -8.753848e-20
1800000 1.393098e-21 -4.194626e-20 -4.055316e-20
1801000 1.326236e-21 -7.316464e-20 -7.183840e-20
1802000 2.316734e-21 -1.090704e-19 -1.067537e-19
1803000 2.135910e-20 -9.072920e-20 -6.937010e-20
1804000 2.311773e-20 -5.717134e-20 -3.405361e-20
1805000 5.244429e-21 -1.056090e-19 -1.003646e-19
1806000 1.129757e-20 -6.092406e-20 -4.962649e-20
1807000 2.852856e-22 -1.150820e-19 -1.147968e-19
1808000 9.470444e-21 -7.349312e-20 -6.402267e-20
1809000 7.579397e-21 -4.894422e-20 -4.136482e-20
1810000 7.272647e-21 -1.069200e-19 -9.964738e-20
1811000 1.249069e-20 -2.755019e-20 -1.505951e-20
1812000 1.582619e-20 -9.118903e-20 -7.536284e-20
1813000 3.440533e-20 -6.130169e-20 -2.689636e-20
1814000 6.701388e-21 -9.169105e-20 -8.498966e-20
1815000 6.692687e-21 -1.120772e-19 -1.053845e-19
1816000 1.781848e-20 -5.351163e-20 -3.569315e-20
1817000 2.081910e-21 -1.112210e-19 -1.091391e-19
1818000 3.470084e-22 -1.186694e-19 -1.183224e-19
1819000 5.851932e-21 -1.201837e-19 -1.143317e-19
1820000 4.475826e-20 -1.015453e-19 -5.678708e-20
1821000 1.740020e-21 -1.082412e-19 -1.065012e-19
1822000 1.090598e-19 -9.065679e-20 1.840305e-20
1823000 2.381579e-21 -1.141728e-19 -1.117912e-19
1824000 1.388836e-20 -9.621519e-20 -8.232683e-20
1825000 1.806485e-21 -8.626216e-20 -8.445568e-20
1826000 5.347909e-21 -9.047756e-20 -8.512965e-20
1827000 9.026617e-21 -9.467944e-20 -8.565282e-20
1828000 2.985587e-21 -8.472509e-20 -8.173950e-20
1829000 4.883927e-21 -1.204674e-19 -1.155835e-19
1830000 3.045269e-21 -7.684532e-20 -7.380005e-20
1831000 3.076333e-21 -1.180116e-19 -1.149353e-19
1832000 1.215807e-20 -1.160656e-19 -1.039075e-19
1833000 2.268207e-21 -1.201112e-19 -1.178430e-19
1834000 5.841293e-21 -1.145600e-19 -1.087187e-19
1835000 8.285780e-21 -9.018175e-20 -8.189597e-20
1836000 9.068713e-21 -9.890019e-20 -8.983148e-20
1837000 1.353128e-21 -1.090512e-19 -1.076980e-19
1838000 4.150627e-21 -1.159558e-19 -1.118051e-19
1839000 8.103249e-21 -1.120940e-19 -1.039907e-19
1840000 8.577322e-21 -1.223658e-19 -1.137885e-19
1841000 3.071486e-21 -9.001266e-20 -8.694117e-20
1842000 5.747346e-20 -9.323670e-20 -3.576324e-20
1843000 1.816225e-20 -1.048252e-19 -8.666293e-20
1844000 1.591921e-20 -1.091367e-19 -9.321752e-20
1845000 8.730175e-21 -8.962921e-20 -8.089904e-20
1846000 3.779890e-21 -1.166521e-19 -1.128722e-19
1847000 1.753336e-20 -8.684667e-20 -6.931331e-20
1848000 8.278611e-21 -8.822170e-20 -7.994309e-20
1849000 1.081948e-20 -1.074687e-19 -9.664927e-20
1850000 5.718839e-21 -1.052971e-19 -9.957826e-20
1851000 7.455234e-21 -1.149421e-19 -1.074868e-19
1852000 4.077085e-20 -1.003030e-19 -5.953218e-20
1853000 3.317990e-20 -1.013918e-19 -6.821193e-20
1854000 5.078837e-21 -1.117150e-19 -1.066362e-19
1855000 1.556494e-20 -8.555733e-20 -6.999239e-20
1856000 2.765567e-21 -9.259465e-20 -8.982908e-20
1857000 5.116784e-21 -9.857558e-20 -9.345880e-20
1858000 2.826284e-20 -9.161924e-20 -6.335640e-20
1859000 1.781609e-20 -1.149767e-19 -9.716058e-20
1860000 3.019651e-21 -9.630535e-20 -9.328570e-20
1861000 3.096215e-21 1.959969e-20 2.269590e-20
1862000 6.685772e-21 -1.012620e-19 -9.457620e-20
1863000 3.822474e-21 -1.174954e-19 -1.136729e-19
1864000 6.296699e-21 -8.548983e-20 -7.919313e-20
1865000 1.990177e-20 -8.278978e-20 -6.288801e-20
1866000 6.013444e-21 -8.835723e-20 -8.234379e-20
1867000 2.499002e-20 -6.981429e-20 -4.482427e-20
1868000 2.281656e-20 -1.132822e-19 -9.046561e-20
1869000 1.264933e-21 -7.072772e-20 -6.946279e-20
1870000 1.023516e-20 -9.373998e-20 -8.350482e-20
1871000 2.563123e-20 -6.964895e-20 -4.401772e-20
1872000 8.274857e-21 -9.726427e-20 -8.898941e-20
1873000 2.603477e-22 -1.068402e-19 -1.065798e-19
1874000 4.317338e-20 -1.205816e-19 -7.740824e-20
1875000 3.851975e-21 -1.052509e-19 -1.013989e-19
1876000 2.160036e-20 -5.469516e-20 -3.309479e-20
1877000 4.571842e-21 -1.187768e-19 -1.142050e-19
1878000 2.004623e-20 -1.195146e-19 -9.946836e-20
1879000 7.672278e-22 -1.153146e-19 -1.145473e-19
1880000 1.415929e-20 -1.219164e-19 -1.077571e-19
1881000 6.627711e-21 -1.183920e-19 -1.117643e-19
1882000 2.804368e-20 -7.394953e-20 -4.590584e-20
1883000 4.696276e-21 -1.050992e-19 -1.004029e-19
1884000 1.343773e-20 -6.827995e-20 -5.484222e-20
1885000 1.123776e-20 -1.205901e-19 -1.093523e-19
1886000 5.823852e-22 -6.933095e-20 -6.874857e-20
1887000 1.645104e-20 -1.178228e-19 -1.013718e-19
1888000 2.110600e-20 -1.097404e-19 -8.863436e-20
1889000 1.487896e-20 -9.208316e-20 -7.720420e-20
1890000 4.896290e-21 -9.071597e-20 -8.581968e-20
1891000 8.897347e-21 -9.955160e-20 -9.065426e-20
1892000 2.964494e-21 -3.974928e-20 -3.678479e-20
1893000 1.931630e-20 -1.168267e-19 -9.751041e-20
1894000 2.077295e-20 -1.860464e-20 2.168304e-21
1895000 6.126061e-20 -9.874835e-20 -3.748775e-20
1896000 4.037975e-21 -1.107209e-19 -1.066829e-19
1897000 4.156480e-21 -1.013667e-19 -9.721022e-20
1898000 4.570863e-21 -1.106687e-19 -1.060978e-19
1899000 8.907820e-22 -1.172631e-19 -1.163723e-19
1900000 7.854410e-21 -1.086022e-19 -1.007478e-19
1901000 2.284233e-20 -1.228437e-19 -1.000014e-19
1902000 4.351462e-21 -1.213059e-19 -1.169544e-19
1903000 1.275871e-21 -1.169286e-19 -1.156527e-19
1904000 6.890390e-21 -1.117045e-19 -1.048141e-19
1905000 9.477108e-21 -1.181208e-19 -1.086437e-19
1906000 1.165987e-20 -5.755904e-20 -4.589917e-20
1907000 7.864034e-21 -9.692342e-20 -8.905939e-20
1908000 1.194762e-21 -1.054079e-19 -1.042132e-19
1909000 1.650153e-20 -9.177929e-20 -7.527776e-20
1910000 9.399427e-21 -5.973013e-20 -5.033071e-20
1911000 5.316846e-22 -9.226470e-20 -9.173302e-20
1912000 7.782658e-22 -1.005260e-19 -9.974778e-20
1913000 1.008035e-20 -1.152440e-19 -1.051636e-19
1914000 8.939872e-20 -3.976302e-20 4.963571e-20
1915000 4.313229e-21 -9.601747e-20 -9.170424e-20
1916000 5.275197e-20 -7.875774e-20 -2.600577e-20
1917000 1.169451e-20 -8.448918e-20 -7.279467e-20
1918000 2.630950e-21 -9.829594e-20 -9.566499e-20
1919000 9.332033e-21 -6.887771e-20 -5.954568e-20
1920000 2.788333e-20 -6.403772e-20 -3.615439e-20
1921000 3.967437e-20 -9.010346e-20 -5.042908e-20
1922000 4.123754e-21 -6.418086e-20 -6.005711e-20
1923000 4.897704e-21 -1.110670e-19 -1.061693e-19
1924000 3.987779e-21 -1.072829e-19 -1.032951e-19
1925000 6.656054e-21 -9.214205e-20 -8.548599e-20
1926000 1.044209e-20 -7.547324e-20 -6.503115e-20
1927000 7.474055e-21 -9.294898e-20 -8.547492e-20
1928000 2.340024e-20 -1.022843e-19 -7.888408e-20
1929000 2.570000e-20 -9.640998e-20 -7.070998e-20
1930000 1.839686e-20 -6.795458e-20 -4.955772e-20
1931000 8.318747e-21 -7.627630e-20 -6.795756e-20
1932000 3.492512e-20 -1.058043e-19 -7.087920e-20
1933000 5.370771e-21 -1.066297e-19 -1.012589e-19
1934000 6.058184e-21 -5.966693e-20 -5.360875e-20
1935000 1.429399e-21 -1.096526e-19 -1.082232e-19
1936000 3.902506e-20 -6.304885e-20 -2.402379e-20
1937000 7.918922e-21 -1.166673e-19 -1.087484e-19
1938000 8.197506e-21 -1.102782e-19 -1.020807e-19
1939000 7.942070e-21 -8.611571e-20 -7.817364e-20
1940000 9.860800e-21 -1.041910e-19 -9.433022e-20
1941000 3.323129e-20 -9.372210e-20 -6.049082e-20
1942000 4.437006e-21 -1.203557e-19 -1.159187e-19
1943000 1.037923e-20 -1.085495e-19 -9.817028e-20
1944000 4.882374e-20 -8.153949e-20 -3.271575e-20
1945000 8.105259e-21 -1.151620e-19 -1.070568e-19
1946000 1.661202e-20 -1.172845e-19 -1.006725e-19
1947000 7.079232e-21 -7.836132e-20 -7.128209e-20
1948000 2.106687e-20 -1.066271e-19 -8.556018e-20
1949000 2.747369e-21 -7.468161e-20 -7.193424e-20
1950000 6.992936e-21 -1.099866e-19 -1.029936e-19
1951000 6.478684e-20 -1.216424e-19 -5.685553e-20
1952000 2.354918e-21 -8.243305e-20 -8.007814e-20
1953000 1.328801e-20 -8.885056e-20 -7.556256e-20
1954000 2.690923e-21 -8.144717e-20 -7.875625e-20
1955000 1.212681e-20 -1.196134e-19 -1.074866e-19
1956000 1.012164e-20 -8.288086e-20 -7.275922e-20
1957000 1.344571e-20 -1.035167e-19 -9.007096e-20
1958000 8.128446e-21 -8.800524e-20 -7.987679e-20
1959000 1.982477e-20 -9.916261e-20 -7.933784e-20
1960000 2.768406e-20 -9.049242e-20 -6.280836e-20
1961000 2.406611e-20 -1.025904e-19 -7.852424e-20
1962000 6.158646e-21 -1.204143e-19 -1.142556e-19
1963000 1.553098e-20 -1.190775e-19 -1.035465e-19
1964000 1.143114e-21 -1.161194e-19 -1.149763e-19
1965000 2.325524e-20 -1.160422e-19 -9.278700e-20
1966000 3.056677e-20 -1.153310e-19 -8.476420e-20
1967000 9.339670e-21 -8.769883e-20 -7.835916e-20
1968000 1.668955e-20 -8.488952e-20 -6.819997e-20
1969000 8.525181e-21 -6.298837e-20 -5.446319e-20
1970000 3.750226e-21 -1.184988e-19 -1.147485e-19
1971000 3.092288e-21 -8.938424e-20 -8.629195e-20
1972000 3.428012e-21 -9.937510e-20 -9.594709e-20
1973000 7.615209e-21 -1.165133e-19 -1.088981e-19
1974000 6.781897e-21 -7.785191e-20 -7.107001e-20
1975000 1.512509e-20 -6.321843e-20 -4.809334e-20
1976000 2.392580e-20 -9.898781e-20 -7.506201e-20
1977000 8.341182e-21 -1.140579e-19 -1.057167e-19
1978000 7.405994e-21 -1.197022e-19 -1.122962e-19
1979000 1.142646e-21 -6.084885e-20 -5.970620e-20
1980000 8.484509e-21 -9.964388e-20 -9.115937e-20
1981000 2.989538e-20 -1.010938e-19 -7.119846e-20
1982000 8.602976e-21 -8.012644e-20 -7.152347e-20
1983000 1.081225e-20 -1.230342e-19 -1.122220e-19
1984000 5.768227e-21 -1.195501e-19 -1.137818e-19
1985000 3.558289e-21 -1.083336e-19 -1.047753e-19
1986000 8.409097e-21 -6.350214e-20 -5.509305e-20
1987000 1.180507e-20 -8.786823e-20 -7.606317e-20
1988000 6.019382e-21 -1.194217e-19 -1.134024e-19
1989000 1.543517e-20 -1.108839e-19 -9.544874e-20
1990000 2.202879e-21 -1.116083e-19 -1.094054e-19
1991000 2.353160e-20 -1.082203e-19 -8.468872e-20
1992000 1.511293e-21 -1.191817e-19 -1.176704e-19
1993000 8.780351e-22 -1.197619e-19 -1.188839e-19
1994000 8.883608e-21 -9.517104e-20 -8.628743e-20
1995000 1.172552e-20 -1.022495e-19 -9.052396e-20
1996000 4.491440e-21 -1.119476e-19 -1.074562e-19
1997000 4.513471e-21 -9.056572e-20 -8.605225e-20
1998000 1.357015e-20 -8.328959e-20 -6.971945e-20
1999000 1.548097e-20 -7.962153e-20 -6.414055e-20
2000000 8.187395e-22 -1.174254e-19 -1.166066e-19
